----------------------------------------
ActivityId: 800008a0-0002-e300-b63f-84710c7967bb

Timestamp: 7/10/2018 1:36:10 PM

Message: HandlingInstanceID: c66a2f0e-560a-4ca6-887d-68ab880221cf
An exception of type 'System.InvalidOperationException' occurred and was caught.
--------------------------------------------------------------------------------
07/10/2018 16:36:10
Type : System.InvalidOperationException, mscorlib, Version=4.0.0.0, Culture=neutral, PublicKeyToken=b77a5c561934e089
Message : The view 'Index' or its master was not found or no view engine supports the searched locations. The following locations were searched:
~/Views/ContactFormDetail/Index.cshtml
~/Views/Shared/Index.cshtml
~/Views/ContactFormDetail/Index.aspx
~/Views/ContactFormDetail/Index.ascx
~/Views/Shared/Index.aspx
~/Views/Shared/Index.ascx
~/Views/ContactFormDetail/Index.vbhtml
~/Views/Shared/Index.vbhtml
Source : System.Web.Mvc
Help link : 
Data : System.Collections.ListDictionaryInternal
TargetSite : System.Web.Mvc.ViewEngineResult FindView(System.Web.Mvc.ControllerContext)
HResult : -2146233079
Stack Trace :    at System.Web.Mvc.ViewResult.FindView(ControllerContext context)
   at System.Web.Mvc.ViewResultBase.ExecuteResult(ControllerContext context)
   at System.Web.Mvc.ControllerActionInvoker.InvokeActionResult(ControllerContext controllerContext, ActionResult actionResult)
   at System.Web.Mvc.ControllerActionInvoker.InvokeActionResultFilterRecursive(IList`1 filters, Int32 filterIndex, ResultExecutingContext preContext, ControllerContext controllerContext, ActionResult actionResult)
   at System.Web.Mvc.ControllerActionInvoker.InvokeActionResultFilterRecursive(IList`1 filters, Int32 filterIndex, ResultExecutingContext preContext, ControllerContext controllerContext, ActionResult actionResult)
   at System.Web.Mvc.ControllerActionInvoker.InvokeActionResultFilterRecursive(IList`1 filters, Int32 filterIndex, ResultExecutingContext preContext, ControllerContext controllerContext, ActionResult actionResult)
   at System.Web.Mvc.ControllerActionInvoker.InvokeActionResultFilterRecursive(IList`1 filters, Int32 filterIndex, ResultExecutingContext preContext, ControllerContext controllerContext, ActionResult actionResult)
   at System.Web.Mvc.ControllerActionInvoker.InvokeActionResultFilterRecursive(IList`1 filters, Int32 filterIndex, ResultExecutingContext preContext, ControllerContext controllerContext, ActionResult actionResult)
   at System.Web.Mvc.ControllerActionInvoker.InvokeActionResultFilterRecursive(IList`1 filters, Int32 filterIndex, ResultExecutingContext preContext, ControllerContext controllerContext, ActionResult actionResult)
   at System.Web.Mvc.ControllerActionInvoker.InvokeActionResultFilterRecursive(IList`1 filters, Int32 filterIndex, ResultExecutingContext preContext, ControllerContext controllerContext, ActionResult actionResult)
   at System.Web.Mvc.ControllerActionInvoker.InvokeActionResultFilterRecursive(IList`1 filters, Int32 filterIndex, ResultExecutingContext preContext, ControllerContext controllerContext, ActionResult actionResult)
   at System.Web.Mvc.ControllerActionInvoker.InvokeActionResultWithFilters(ControllerContext controllerContext, IList`1 filters, ActionResult actionResult)
   at System.Web.Mvc.ControllerActionInvoker.InvokeAction(ControllerContext controllerContext, String actionName)
   at Telerik.Sitefinity.Mvc.ControllerWrapper.Execute()
   at Telerik.Sitefinity.Mvc.ControllerActionInvoker.ExecuteController(MvcProxyBase proxyControl)
   at Telerik.Sitefinity.Frontend.Mvc.Infrastructure.Routing.FeatherActionInvoker.ExecuteController(MvcProxyBase proxyControl)

Additional Info:

MachineName : PT-02
TimeStamp : 7/10/2018 1:36:10 PM
FullName : Telerik.Sitefinity.Utilities, Version=10.2.6602.0, Culture=neutral, PublicKeyToken=b28c218413bdf563
AppDomainName : /LM/W3SVC/4/ROOT-1-131757029739955868
ThreadIdentity : Anonymous
WindowsIdentity : PH\emreg
Requested URL : http://localhost:60001/iletisim/bize-ulasin/Index/


Category: ErrorLog

Priority: 0

EventId: 9010

Severity: Warning

Title:Enterprise Library Exception Handling

Machine: PT-02

App Domain: /LM/W3SVC/4/ROOT-1-131757029739955868

ProcessId: 99104

Process Name: C:\Program Files (x86)\IIS Express\iisexpress.exe

Thread Name: 

Win32 ThreadId:107828

Extended Properties: 
----------------------------------------
----------------------------------------
ActivityId: 8000047d-0001-ff00-b63f-84710c7967bb

Timestamp: 7/10/2018 3:05:49 PM

Message: HandlingInstanceID: 3e1b51f9-600e-4d9b-b6c3-94cb3a999d3a
An exception of type 'System.InvalidOperationException' occurred and was caught.
--------------------------------------------------------------------------------
07/10/2018 18:05:49
Type : System.InvalidOperationException, mscorlib, Version=4.0.0.0, Culture=neutral, PublicKeyToken=b77a5c561934e089
Message : The view 'Index' or its master was not found or no view engine supports the searched locations. The following locations were searched:
~/Views/ContactFormDetail/Index.cshtml
~/Views/Shared/Index.cshtml
~/Views/ContactFormDetail/Index.aspx
~/Views/ContactFormDetail/Index.ascx
~/Views/Shared/Index.aspx
~/Views/Shared/Index.ascx
~/Views/ContactFormDetail/Index.vbhtml
~/Views/Shared/Index.vbhtml
Source : System.Web.Mvc
Help link : 
Data : System.Collections.ListDictionaryInternal
TargetSite : System.Web.Mvc.ViewEngineResult FindView(System.Web.Mvc.ControllerContext)
HResult : -2146233079
Stack Trace :    at System.Web.Mvc.ViewResult.FindView(ControllerContext context)
   at System.Web.Mvc.ViewResultBase.ExecuteResult(ControllerContext context)
   at System.Web.Mvc.ControllerActionInvoker.InvokeActionResult(ControllerContext controllerContext, ActionResult actionResult)
   at System.Web.Mvc.ControllerActionInvoker.InvokeActionResultFilterRecursive(IList`1 filters, Int32 filterIndex, ResultExecutingContext preContext, ControllerContext controllerContext, ActionResult actionResult)
   at System.Web.Mvc.ControllerActionInvoker.InvokeActionResultFilterRecursive(IList`1 filters, Int32 filterIndex, ResultExecutingContext preContext, ControllerContext controllerContext, ActionResult actionResult)
   at System.Web.Mvc.ControllerActionInvoker.InvokeActionResultFilterRecursive(IList`1 filters, Int32 filterIndex, ResultExecutingContext preContext, ControllerContext controllerContext, ActionResult actionResult)
   at System.Web.Mvc.ControllerActionInvoker.InvokeActionResultFilterRecursive(IList`1 filters, Int32 filterIndex, ResultExecutingContext preContext, ControllerContext controllerContext, ActionResult actionResult)
   at System.Web.Mvc.ControllerActionInvoker.InvokeActionResultFilterRecursive(IList`1 filters, Int32 filterIndex, ResultExecutingContext preContext, ControllerContext controllerContext, ActionResult actionResult)
   at System.Web.Mvc.ControllerActionInvoker.InvokeActionResultFilterRecursive(IList`1 filters, Int32 filterIndex, ResultExecutingContext preContext, ControllerContext controllerContext, ActionResult actionResult)
   at System.Web.Mvc.ControllerActionInvoker.InvokeActionResultFilterRecursive(IList`1 filters, Int32 filterIndex, ResultExecutingContext preContext, ControllerContext controllerContext, ActionResult actionResult)
   at System.Web.Mvc.ControllerActionInvoker.InvokeActionResultFilterRecursive(IList`1 filters, Int32 filterIndex, ResultExecutingContext preContext, ControllerContext controllerContext, ActionResult actionResult)
   at System.Web.Mvc.ControllerActionInvoker.InvokeActionResultWithFilters(ControllerContext controllerContext, IList`1 filters, ActionResult actionResult)
   at System.Web.Mvc.ControllerActionInvoker.InvokeAction(ControllerContext controllerContext, String actionName)
   at Telerik.Sitefinity.Mvc.ControllerWrapper.Execute()
   at Telerik.Sitefinity.Mvc.ControllerActionInvoker.ExecuteController(MvcProxyBase proxyControl)
   at Telerik.Sitefinity.Frontend.Mvc.Infrastructure.Routing.FeatherActionInvoker.ExecuteController(MvcProxyBase proxyControl)

Additional Info:

MachineName : PT-02
TimeStamp : 7/10/2018 3:05:49 PM
FullName : Telerik.Sitefinity.Utilities, Version=10.2.6602.0, Culture=neutral, PublicKeyToken=b28c218413bdf563
AppDomainName : /LM/W3SVC/4/ROOT-2-131757036466659870
ThreadIdentity : Anonymous
WindowsIdentity : PH\emreg
Requested URL : http://localhost:60001/iletisim/bize-ulasin/Index/


Category: ErrorLog

Priority: 0

EventId: 9010

Severity: Warning

Title:Enterprise Library Exception Handling

Machine: PT-02

App Domain: /LM/W3SVC/4/ROOT-2-131757036466659870

ProcessId: 99104

Process Name: C:\Program Files (x86)\IIS Express\iisexpress.exe

Thread Name: 

Win32 ThreadId:110104

Extended Properties: 
----------------------------------------
