----------------------------------------
ActivityId: 3d45b36c-5d52-46ab-8829-e01d7510a213

Timestamp: 11/7/2018 8:01:02 AM

Message: HandlingInstanceID: 7b01e6c5-96f1-4425-90a0-22668eeee95e
An exception of type 'System.InvalidOperationException' occurred and was caught.
--------------------------------------------------------------------------------
11/07/2018 11:01:02
Type : System.InvalidOperationException, mscorlib, Version=4.0.0.0, Culture=neutral, PublicKeyToken=b77a5c561934e089
Message : The view 'Index' or its master was not found or no view engine supports the searched locations. The following locations were searched:
~/Views/DemoRequestFormDetail/Index.cshtml
~/Views/Shared/Index.cshtml
~/Views/DemoRequestFormDetail/Index.aspx
~/Views/DemoRequestFormDetail/Index.ascx
~/Views/Shared/Index.aspx
~/Views/Shared/Index.ascx
~/Views/DemoRequestFormDetail/Index.vbhtml
~/Views/Shared/Index.vbhtml
Source : System.Web.Mvc
Help link : 
Data : System.Collections.ListDictionaryInternal
TargetSite : System.Web.Mvc.ViewEngineResult FindView(System.Web.Mvc.ControllerContext)
HResult : -2146233079
Stack Trace :    at System.Web.Mvc.ViewResult.FindView(ControllerContext context)
   at System.Web.Mvc.ViewResultBase.ExecuteResult(ControllerContext context)
   at System.Web.Mvc.ControllerActionInvoker.InvokeActionResultFilterRecursive(IList`1 filters, Int32 filterIndex, ResultExecutingContext preContext, ControllerContext controllerContext, ActionResult actionResult)
   at System.Web.Mvc.ControllerActionInvoker.InvokeActionResultFilterRecursive(IList`1 filters, Int32 filterIndex, ResultExecutingContext preContext, ControllerContext controllerContext, ActionResult actionResult)
   at System.Web.Mvc.ControllerActionInvoker.InvokeActionResultFilterRecursive(IList`1 filters, Int32 filterIndex, ResultExecutingContext preContext, ControllerContext controllerContext, ActionResult actionResult)
   at System.Web.Mvc.ControllerActionInvoker.InvokeActionResultFilterRecursive(IList`1 filters, Int32 filterIndex, ResultExecutingContext preContext, ControllerContext controllerContext, ActionResult actionResult)
   at System.Web.Mvc.ControllerActionInvoker.InvokeActionResultFilterRecursive(IList`1 filters, Int32 filterIndex, ResultExecutingContext preContext, ControllerContext controllerContext, ActionResult actionResult)
   at System.Web.Mvc.ControllerActionInvoker.InvokeActionResultFilterRecursive(IList`1 filters, Int32 filterIndex, ResultExecutingContext preContext, ControllerContext controllerContext, ActionResult actionResult)
   at System.Web.Mvc.ControllerActionInvoker.InvokeActionResultFilterRecursive(IList`1 filters, Int32 filterIndex, ResultExecutingContext preContext, ControllerContext controllerContext, ActionResult actionResult)
   at System.Web.Mvc.ControllerActionInvoker.InvokeActionResultFilterRecursive(IList`1 filters, Int32 filterIndex, ResultExecutingContext preContext, ControllerContext controllerContext, ActionResult actionResult)
   at System.Web.Mvc.ControllerActionInvoker.InvokeActionResultWithFilters(ControllerContext controllerContext, IList`1 filters, ActionResult actionResult)
   at System.Web.Mvc.ControllerActionInvoker.InvokeAction(ControllerContext controllerContext, String actionName)
   at Telerik.Sitefinity.Mvc.ControllerWrapper.Execute()
   at Telerik.Sitefinity.Mvc.ControllerActionInvoker.ExecuteController(MvcProxyBase proxyControl)
   at Telerik.Sitefinity.Frontend.Mvc.Infrastructure.Routing.FeatherActionInvoker.ExecuteController(MvcProxyBase proxyControl)

Additional Info:

MachineName : TR-IST-2-WKD005
TimeStamp : 11/7/2018 8:01:02 AM
FullName : Telerik.Sitefinity.Utilities, Version=10.2.6602.0, Culture=neutral, PublicKeyToken=b28c218413bdf563
AppDomainName : /LM/W3SVC/16/ROOT-1-131860508810434913
ThreadIdentity : Anonymous
WindowsIdentity : IIS APPPOOL\mikro.local
Requested URL : http://localhost:808/ucretsiz-demo-talep/Index/


Category: ErrorLog

Priority: 0

EventId: 9010

Severity: Warning

Title:Enterprise Library Exception Handling

Machine: TR-IST-2-WKD005

App Domain: /LM/W3SVC/16/ROOT-1-131860508810434913

ProcessId: 16624

Process Name: c:\windows\system32\inetsrv\w3wp.exe

Thread Name: 

Win32 ThreadId:22856

Extended Properties: 
----------------------------------------
----------------------------------------
ActivityId: c4011bbd-d31c-433a-ab7e-d7a1ccf6afb5

Timestamp: 11/7/2018 8:09:21 AM

Message: HandlingInstanceID: 3fd96811-8672-4d3d-994b-d47ef1e4cf0c
An exception of type 'System.InvalidOperationException' occurred and was caught.
--------------------------------------------------------------------------------
11/07/2018 11:09:21
Type : System.InvalidOperationException, mscorlib, Version=4.0.0.0, Culture=neutral, PublicKeyToken=b77a5c561934e089
Message : The view 'Index' or its master was not found or no view engine supports the searched locations. The following locations were searched:
~/Views/DemoRequestFormDetail/Index.cshtml
~/Views/Shared/Index.cshtml
~/Views/DemoRequestFormDetail/Index.aspx
~/Views/DemoRequestFormDetail/Index.ascx
~/Views/Shared/Index.aspx
~/Views/Shared/Index.ascx
~/Views/DemoRequestFormDetail/Index.vbhtml
~/Views/Shared/Index.vbhtml
Source : System.Web.Mvc
Help link : 
Data : System.Collections.ListDictionaryInternal
TargetSite : System.Web.Mvc.ViewEngineResult FindView(System.Web.Mvc.ControllerContext)
HResult : -2146233079
Stack Trace :    at System.Web.Mvc.ViewResult.FindView(ControllerContext context)
   at System.Web.Mvc.ViewResultBase.ExecuteResult(ControllerContext context)
   at System.Web.Mvc.ControllerActionInvoker.InvokeActionResultFilterRecursive(IList`1 filters, Int32 filterIndex, ResultExecutingContext preContext, ControllerContext controllerContext, ActionResult actionResult)
   at System.Web.Mvc.ControllerActionInvoker.InvokeActionResultFilterRecursive(IList`1 filters, Int32 filterIndex, ResultExecutingContext preContext, ControllerContext controllerContext, ActionResult actionResult)
   at System.Web.Mvc.ControllerActionInvoker.InvokeActionResultFilterRecursive(IList`1 filters, Int32 filterIndex, ResultExecutingContext preContext, ControllerContext controllerContext, ActionResult actionResult)
   at System.Web.Mvc.ControllerActionInvoker.InvokeActionResultFilterRecursive(IList`1 filters, Int32 filterIndex, ResultExecutingContext preContext, ControllerContext controllerContext, ActionResult actionResult)
   at System.Web.Mvc.ControllerActionInvoker.InvokeActionResultFilterRecursive(IList`1 filters, Int32 filterIndex, ResultExecutingContext preContext, ControllerContext controllerContext, ActionResult actionResult)
   at System.Web.Mvc.ControllerActionInvoker.InvokeActionResultFilterRecursive(IList`1 filters, Int32 filterIndex, ResultExecutingContext preContext, ControllerContext controllerContext, ActionResult actionResult)
   at System.Web.Mvc.ControllerActionInvoker.InvokeActionResultFilterRecursive(IList`1 filters, Int32 filterIndex, ResultExecutingContext preContext, ControllerContext controllerContext, ActionResult actionResult)
   at System.Web.Mvc.ControllerActionInvoker.InvokeActionResultFilterRecursive(IList`1 filters, Int32 filterIndex, ResultExecutingContext preContext, ControllerContext controllerContext, ActionResult actionResult)
   at System.Web.Mvc.ControllerActionInvoker.InvokeActionResultWithFilters(ControllerContext controllerContext, IList`1 filters, ActionResult actionResult)
   at System.Web.Mvc.ControllerActionInvoker.InvokeAction(ControllerContext controllerContext, String actionName)
   at Telerik.Sitefinity.Mvc.ControllerWrapper.Execute()
   at Telerik.Sitefinity.Mvc.ControllerActionInvoker.ExecuteController(MvcProxyBase proxyControl)
   at Telerik.Sitefinity.Frontend.Mvc.Infrastructure.Routing.FeatherActionInvoker.ExecuteController(MvcProxyBase proxyControl)

Additional Info:

MachineName : TR-IST-2-WKD005
TimeStamp : 11/7/2018 8:09:21 AM
FullName : Telerik.Sitefinity.Utilities, Version=10.2.6602.0, Culture=neutral, PublicKeyToken=b28c218413bdf563
AppDomainName : /LM/W3SVC/16/ROOT-2-131860513553307196
ThreadIdentity : Anonymous
WindowsIdentity : IIS APPPOOL\mikro.local
Requested URL : http://localhost:808/ucretsiz-demo-talep/Index/


Category: ErrorLog

Priority: 0

EventId: 9010

Severity: Warning

Title:Enterprise Library Exception Handling

Machine: TR-IST-2-WKD005

App Domain: /LM/W3SVC/16/ROOT-2-131860513553307196

ProcessId: 16624

Process Name: c:\windows\system32\inetsrv\w3wp.exe

Thread Name: 

Win32 ThreadId:21828

Extended Properties: 
----------------------------------------
----------------------------------------
ActivityId: 17f2b81a-514a-4fc8-85b5-94b4ef412c59

Timestamp: 11/7/2018 8:16:40 AM

Message: HandlingInstanceID: b83b59dd-7bd5-457d-a14e-bdf63d70f0a4
An exception of type 'System.InvalidOperationException' occurred and was caught.
--------------------------------------------------------------------------------
11/07/2018 11:16:40
Type : System.InvalidOperationException, mscorlib, Version=4.0.0.0, Culture=neutral, PublicKeyToken=b77a5c561934e089
Message : The view 'Index' or its master was not found or no view engine supports the searched locations. The following locations were searched:
~/Views/DemoRequestFormDetail/Index.cshtml
~/Views/Shared/Index.cshtml
~/Views/DemoRequestFormDetail/Index.aspx
~/Views/DemoRequestFormDetail/Index.ascx
~/Views/Shared/Index.aspx
~/Views/Shared/Index.ascx
~/Views/DemoRequestFormDetail/Index.vbhtml
~/Views/Shared/Index.vbhtml
Source : System.Web.Mvc
Help link : 
Data : System.Collections.ListDictionaryInternal
TargetSite : System.Web.Mvc.ViewEngineResult FindView(System.Web.Mvc.ControllerContext)
HResult : -2146233079
Stack Trace :    at System.Web.Mvc.ViewResult.FindView(ControllerContext context)
   at System.Web.Mvc.ViewResultBase.ExecuteResult(ControllerContext context)
   at System.Web.Mvc.ControllerActionInvoker.InvokeActionResultFilterRecursive(IList`1 filters, Int32 filterIndex, ResultExecutingContext preContext, ControllerContext controllerContext, ActionResult actionResult)
   at System.Web.Mvc.ControllerActionInvoker.InvokeActionResultFilterRecursive(IList`1 filters, Int32 filterIndex, ResultExecutingContext preContext, ControllerContext controllerContext, ActionResult actionResult)
   at System.Web.Mvc.ControllerActionInvoker.InvokeActionResultFilterRecursive(IList`1 filters, Int32 filterIndex, ResultExecutingContext preContext, ControllerContext controllerContext, ActionResult actionResult)
   at System.Web.Mvc.ControllerActionInvoker.InvokeActionResultFilterRecursive(IList`1 filters, Int32 filterIndex, ResultExecutingContext preContext, ControllerContext controllerContext, ActionResult actionResult)
   at System.Web.Mvc.ControllerActionInvoker.InvokeActionResultFilterRecursive(IList`1 filters, Int32 filterIndex, ResultExecutingContext preContext, ControllerContext controllerContext, ActionResult actionResult)
   at System.Web.Mvc.ControllerActionInvoker.InvokeActionResultFilterRecursive(IList`1 filters, Int32 filterIndex, ResultExecutingContext preContext, ControllerContext controllerContext, ActionResult actionResult)
   at System.Web.Mvc.ControllerActionInvoker.InvokeActionResultFilterRecursive(IList`1 filters, Int32 filterIndex, ResultExecutingContext preContext, ControllerContext controllerContext, ActionResult actionResult)
   at System.Web.Mvc.ControllerActionInvoker.InvokeActionResultFilterRecursive(IList`1 filters, Int32 filterIndex, ResultExecutingContext preContext, ControllerContext controllerContext, ActionResult actionResult)
   at System.Web.Mvc.ControllerActionInvoker.InvokeActionResultWithFilters(ControllerContext controllerContext, IList`1 filters, ActionResult actionResult)
   at System.Web.Mvc.ControllerActionInvoker.InvokeAction(ControllerContext controllerContext, String actionName)
   at Telerik.Sitefinity.Mvc.ControllerWrapper.Execute()
   at Telerik.Sitefinity.Mvc.ControllerActionInvoker.ExecuteController(MvcProxyBase proxyControl)
   at Telerik.Sitefinity.Frontend.Mvc.Infrastructure.Routing.FeatherActionInvoker.ExecuteController(MvcProxyBase proxyControl)

Additional Info:

MachineName : TR-IST-2-WKD005
TimeStamp : 11/7/2018 8:16:40 AM
FullName : Telerik.Sitefinity.Utilities, Version=10.2.6602.0, Culture=neutral, PublicKeyToken=b28c218413bdf563
AppDomainName : /LM/W3SVC/16/ROOT-3-131860518906746862
ThreadIdentity : Anonymous
WindowsIdentity : IIS APPPOOL\mikro.local
Requested URL : http://localhost:808/ucretsiz-demo-talep/Index/


Category: ErrorLog

Priority: 0

EventId: 9010

Severity: Warning

Title:Enterprise Library Exception Handling

Machine: TR-IST-2-WKD005

App Domain: /LM/W3SVC/16/ROOT-3-131860518906746862

ProcessId: 16624

Process Name: c:\windows\system32\inetsrv\w3wp.exe

Thread Name: 

Win32 ThreadId:14892

Extended Properties: 
----------------------------------------
----------------------------------------
ActivityId: 1d9ab696-1f48-41a2-945c-2f76127c0af8

Timestamp: 11/7/2018 8:29:18 AM

Message: HandlingInstanceID: fc6bee01-e7fa-4af1-a34b-0b6274b7528a
An exception of type 'System.InvalidOperationException' occurred and was caught.
--------------------------------------------------------------------------------
11/07/2018 11:29:18
Type : System.InvalidOperationException, mscorlib, Version=4.0.0.0, Culture=neutral, PublicKeyToken=b77a5c561934e089
Message : The view 'Index' or its master was not found or no view engine supports the searched locations. The following locations were searched:
~/Views/DemoRequestFormDetail/Index.cshtml
~/Views/Shared/Index.cshtml
~/Views/DemoRequestFormDetail/Index.aspx
~/Views/DemoRequestFormDetail/Index.ascx
~/Views/Shared/Index.aspx
~/Views/Shared/Index.ascx
~/Views/DemoRequestFormDetail/Index.vbhtml
~/Views/Shared/Index.vbhtml
Source : System.Web.Mvc
Help link : 
Data : System.Collections.ListDictionaryInternal
TargetSite : System.Web.Mvc.ViewEngineResult FindView(System.Web.Mvc.ControllerContext)
HResult : -2146233079
Stack Trace :    at System.Web.Mvc.ViewResult.FindView(ControllerContext context)
   at System.Web.Mvc.ViewResultBase.ExecuteResult(ControllerContext context)
   at System.Web.Mvc.ControllerActionInvoker.InvokeActionResultFilterRecursive(IList`1 filters, Int32 filterIndex, ResultExecutingContext preContext, ControllerContext controllerContext, ActionResult actionResult)
   at System.Web.Mvc.ControllerActionInvoker.InvokeActionResultFilterRecursive(IList`1 filters, Int32 filterIndex, ResultExecutingContext preContext, ControllerContext controllerContext, ActionResult actionResult)
   at System.Web.Mvc.ControllerActionInvoker.InvokeActionResultFilterRecursive(IList`1 filters, Int32 filterIndex, ResultExecutingContext preContext, ControllerContext controllerContext, ActionResult actionResult)
   at System.Web.Mvc.ControllerActionInvoker.InvokeActionResultFilterRecursive(IList`1 filters, Int32 filterIndex, ResultExecutingContext preContext, ControllerContext controllerContext, ActionResult actionResult)
   at System.Web.Mvc.ControllerActionInvoker.InvokeActionResultFilterRecursive(IList`1 filters, Int32 filterIndex, ResultExecutingContext preContext, ControllerContext controllerContext, ActionResult actionResult)
   at System.Web.Mvc.ControllerActionInvoker.InvokeActionResultFilterRecursive(IList`1 filters, Int32 filterIndex, ResultExecutingContext preContext, ControllerContext controllerContext, ActionResult actionResult)
   at System.Web.Mvc.ControllerActionInvoker.InvokeActionResultFilterRecursive(IList`1 filters, Int32 filterIndex, ResultExecutingContext preContext, ControllerContext controllerContext, ActionResult actionResult)
   at System.Web.Mvc.ControllerActionInvoker.InvokeActionResultFilterRecursive(IList`1 filters, Int32 filterIndex, ResultExecutingContext preContext, ControllerContext controllerContext, ActionResult actionResult)
   at System.Web.Mvc.ControllerActionInvoker.InvokeActionResultWithFilters(ControllerContext controllerContext, IList`1 filters, ActionResult actionResult)
   at System.Web.Mvc.ControllerActionInvoker.InvokeAction(ControllerContext controllerContext, String actionName)
   at Telerik.Sitefinity.Mvc.ControllerWrapper.Execute()
   at Telerik.Sitefinity.Mvc.ControllerActionInvoker.ExecuteController(MvcProxyBase proxyControl)
   at Telerik.Sitefinity.Frontend.Mvc.Infrastructure.Routing.FeatherActionInvoker.ExecuteController(MvcProxyBase proxyControl)

Additional Info:

MachineName : TR-IST-2-WKD005
TimeStamp : 11/7/2018 8:29:18 AM
FullName : Telerik.Sitefinity.Utilities, Version=10.2.6602.0, Culture=neutral, PublicKeyToken=b28c218413bdf563
AppDomainName : /LM/W3SVC/16/ROOT-4-131860524931476394
ThreadIdentity : Anonymous
WindowsIdentity : IIS APPPOOL\mikro.local
Requested URL : http://localhost:808/ucretsiz-demo-talep/Index/


Category: ErrorLog

Priority: 0

EventId: 9010

Severity: Warning

Title:Enterprise Library Exception Handling

Machine: TR-IST-2-WKD005

App Domain: /LM/W3SVC/16/ROOT-4-131860524931476394

ProcessId: 16624

Process Name: c:\windows\system32\inetsrv\w3wp.exe

Thread Name: 

Win32 ThreadId:20932

Extended Properties: 
----------------------------------------
----------------------------------------
ActivityId: 0422911c-f01f-4e39-b9d9-62269a0575d7

Timestamp: 11/7/2018 8:35:55 AM

Message: HandlingInstanceID: 10eba191-f978-4a03-bdd6-887c7208f328
An exception of type 'System.InvalidOperationException' occurred and was caught.
--------------------------------------------------------------------------------
11/07/2018 11:35:55
Type : System.InvalidOperationException, mscorlib, Version=4.0.0.0, Culture=neutral, PublicKeyToken=b77a5c561934e089
Message : The view 'Index' or its master was not found or no view engine supports the searched locations. The following locations were searched:
~/Views/ProductSelectionWizard/Index.cshtml
~/Views/Shared/Index.cshtml
~/Views/ProductSelectionWizard/Index.aspx
~/Views/ProductSelectionWizard/Index.ascx
~/Views/Shared/Index.aspx
~/Views/Shared/Index.ascx
~/Views/ProductSelectionWizard/Index.vbhtml
~/Views/Shared/Index.vbhtml
Source : System.Web.Mvc
Help link : 
Data : System.Collections.ListDictionaryInternal
TargetSite : System.Web.Mvc.ViewEngineResult FindView(System.Web.Mvc.ControllerContext)
HResult : -2146233079
Stack Trace :    at System.Web.Mvc.ViewResult.FindView(ControllerContext context)
   at System.Web.Mvc.ViewResultBase.ExecuteResult(ControllerContext context)
   at System.Web.Mvc.ControllerActionInvoker.InvokeActionResultFilterRecursive(IList`1 filters, Int32 filterIndex, ResultExecutingContext preContext, ControllerContext controllerContext, ActionResult actionResult)
   at System.Web.Mvc.ControllerActionInvoker.InvokeActionResultFilterRecursive(IList`1 filters, Int32 filterIndex, ResultExecutingContext preContext, ControllerContext controllerContext, ActionResult actionResult)
   at System.Web.Mvc.ControllerActionInvoker.InvokeActionResultFilterRecursive(IList`1 filters, Int32 filterIndex, ResultExecutingContext preContext, ControllerContext controllerContext, ActionResult actionResult)
   at System.Web.Mvc.ControllerActionInvoker.InvokeActionResultFilterRecursive(IList`1 filters, Int32 filterIndex, ResultExecutingContext preContext, ControllerContext controllerContext, ActionResult actionResult)
   at System.Web.Mvc.ControllerActionInvoker.InvokeActionResultFilterRecursive(IList`1 filters, Int32 filterIndex, ResultExecutingContext preContext, ControllerContext controllerContext, ActionResult actionResult)
   at System.Web.Mvc.ControllerActionInvoker.InvokeActionResultFilterRecursive(IList`1 filters, Int32 filterIndex, ResultExecutingContext preContext, ControllerContext controllerContext, ActionResult actionResult)
   at System.Web.Mvc.ControllerActionInvoker.InvokeActionResultFilterRecursive(IList`1 filters, Int32 filterIndex, ResultExecutingContext preContext, ControllerContext controllerContext, ActionResult actionResult)
   at System.Web.Mvc.ControllerActionInvoker.InvokeActionResultFilterRecursive(IList`1 filters, Int32 filterIndex, ResultExecutingContext preContext, ControllerContext controllerContext, ActionResult actionResult)
   at System.Web.Mvc.ControllerActionInvoker.InvokeActionResultWithFilters(ControllerContext controllerContext, IList`1 filters, ActionResult actionResult)
   at System.Web.Mvc.ControllerActionInvoker.InvokeAction(ControllerContext controllerContext, String actionName)
   at Telerik.Sitefinity.Mvc.ControllerWrapper.Execute()
   at Telerik.Sitefinity.Mvc.ControllerActionInvoker.ExecuteController(MvcProxyBase proxyControl)
   at Telerik.Sitefinity.Frontend.Mvc.Infrastructure.Routing.FeatherActionInvoker.ExecuteController(MvcProxyBase proxyControl)

Additional Info:

MachineName : TR-IST-2-WKD005
TimeStamp : 11/7/2018 8:35:55 AM
FullName : Telerik.Sitefinity.Utilities, Version=10.2.6602.0, Culture=neutral, PublicKeyToken=b28c218413bdf563
AppDomainName : /LM/W3SVC/16/ROOT-4-131860524931476394
ThreadIdentity : Anonymous
WindowsIdentity : IIS APPPOOL\mikro.local
Requested URL : http://localhost:808/urun-secme-sihirbazi/Index/


Category: ErrorLog

Priority: 0

EventId: 9010

Severity: Warning

Title:Enterprise Library Exception Handling

Machine: TR-IST-2-WKD005

App Domain: /LM/W3SVC/16/ROOT-4-131860524931476394

ProcessId: 16624

Process Name: c:\windows\system32\inetsrv\w3wp.exe

Thread Name: 

Win32 ThreadId:20932

Extended Properties: 
----------------------------------------
----------------------------------------
ActivityId: 63cdf5c8-d41a-44b2-bc97-332eede8c03f

Timestamp: 11/7/2018 8:55:04 AM

Message: HandlingInstanceID: 6c90fea7-bd71-4e66-9e8f-a6c54b41e4f1
An exception of type 'System.IO.DirectoryNotFoundException' occurred and was caught.
------------------------------------------------------------------------------------
11/07/2018 11:55:04
Type : System.IO.DirectoryNotFoundException, mscorlib, Version=4.0.0.0, Culture=neutral, PublicKeyToken=b77a5c561934e089
Message : Could not find a part of the path 'D:\CS Projects\Github\MikroYazilim\App_Data\WebLog\log11-07-2018.txt'.
Source : mscorlib
Help link : 
Data : System.Collections.ListDictionaryInternal
TargetSite : Void WinIOError(Int32, System.String)
HResult : -2147024893
Stack Trace :    at System.IO.__Error.WinIOError(Int32 errorCode, String maybeFullPath)
   at System.IO.FileStream.Init(String path, FileMode mode, FileAccess access, Int32 rights, Boolean useRights, FileShare share, Int32 bufferSize, FileOptions options, SECURITY_ATTRIBUTES secAttrs, String msgPath, Boolean bFromProxy, Boolean useLongPath, Boolean checkHost)
   at System.IO.FileStream..ctor(String path, FileMode mode, FileAccess access, FileShare share, Int32 bufferSize)
   at System.IO.File.Create(String path)
   at SitefinityWebApp.Library.LogProcess.WriteLog(String log) in D:\CS Projects\Github\MikroYazilim\Library\LogProcess.cs:line 25
   at SitefinityWebApp.Library.LogProcess.Create(Exception e) in D:\CS Projects\Github\MikroYazilim\Library\LogProcess.cs:line 17
   at SitefinityWebApp.Mvc.Controllers.Form.ProductSelectionWizardController.Index(ProductSelectionWizard m) in D:\CS Projects\Github\MikroYazilim\Mvc\Controllers\Form\ProductSelectionWizardController.cs:line 188
   at lambda_method(Closure , ControllerBase , Object[] )
   at System.Web.Mvc.ReflectedActionDescriptor.Execute(ControllerContext controllerContext, IDictionary`2 parameters)
   at System.Web.Mvc.ControllerActionInvoker.InvokeActionMethod(ControllerContext controllerContext, ActionDescriptor actionDescriptor, IDictionary`2 parameters)
   at System.Web.Mvc.ControllerActionInvoker.<>c__DisplayClass15.<InvokeActionMethodWithFilters>b__12()
   at System.Web.Mvc.ControllerActionInvoker.InvokeActionMethodFilter(IActionFilter filter, ActionExecutingContext preContext, Func`1 continuation)
   at System.Web.Mvc.ControllerActionInvoker.InvokeActionMethodFilter(IActionFilter filter, ActionExecutingContext preContext, Func`1 continuation)
   at System.Web.Mvc.ControllerActionInvoker.InvokeActionMethodFilter(IActionFilter filter, ActionExecutingContext preContext, Func`1 continuation)
   at System.Web.Mvc.ControllerActionInvoker.InvokeActionMethodFilter(IActionFilter filter, ActionExecutingContext preContext, Func`1 continuation)
   at System.Web.Mvc.ControllerActionInvoker.InvokeActionMethodFilter(IActionFilter filter, ActionExecutingContext preContext, Func`1 continuation)
   at System.Web.Mvc.ControllerActionInvoker.InvokeActionMethodFilter(IActionFilter filter, ActionExecutingContext preContext, Func`1 continuation)
   at System.Web.Mvc.ControllerActionInvoker.InvokeActionMethodFilter(IActionFilter filter, ActionExecutingContext preContext, Func`1 continuation)
   at System.Web.Mvc.ControllerActionInvoker.InvokeAction(ControllerContext controllerContext, String actionName)
   at Telerik.Sitefinity.Mvc.ControllerWrapper.Execute()
   at Telerik.Sitefinity.Mvc.ControllerActionInvoker.ExecuteController(MvcProxyBase proxyControl)
   at Telerik.Sitefinity.Frontend.Mvc.Infrastructure.Routing.FeatherActionInvoker.ExecuteController(MvcProxyBase proxyControl)

Additional Info:

MachineName : TR-IST-2-WKD005
TimeStamp : 11/7/2018 8:55:04 AM
FullName : Telerik.Sitefinity.Utilities, Version=10.2.6602.0, Culture=neutral, PublicKeyToken=b28c218413bdf563
AppDomainName : /LM/W3SVC/16/ROOT-5-131860541730226727
ThreadIdentity : Anonymous
WindowsIdentity : IIS APPPOOL\mikro.local
Requested URL : http://localhost:808/urun-secme-sihirbazi/Index/


Category: ErrorLog

Priority: 0

EventId: 9010

Severity: Warning

Title:Enterprise Library Exception Handling

Machine: TR-IST-2-WKD005

App Domain: /LM/W3SVC/16/ROOT-5-131860541730226727

ProcessId: 16624

Process Name: c:\windows\system32\inetsrv\w3wp.exe

Thread Name: 

Win32 ThreadId:16900

Extended Properties: 
----------------------------------------
----------------------------------------
ActivityId: 9ad99e99-064b-4ddc-b1a8-de86925bd6fb

Timestamp: 11/7/2018 8:56:49 AM

Message: HandlingInstanceID: 74dac49a-0d5c-4f76-84dc-6f0c53331644
An exception of type 'System.InvalidOperationException' occurred and was caught.
--------------------------------------------------------------------------------
11/07/2018 11:56:49
Type : System.InvalidOperationException, mscorlib, Version=4.0.0.0, Culture=neutral, PublicKeyToken=b77a5c561934e089
Message : The view 'Index' or its master was not found or no view engine supports the searched locations. The following locations were searched:
~/Views/ProductSelectionWizard/Index.cshtml
~/Views/Shared/Index.cshtml
~/Views/ProductSelectionWizard/Index.aspx
~/Views/ProductSelectionWizard/Index.ascx
~/Views/Shared/Index.aspx
~/Views/Shared/Index.ascx
~/Views/ProductSelectionWizard/Index.vbhtml
~/Views/Shared/Index.vbhtml
Source : System.Web.Mvc
Help link : 
Data : System.Collections.ListDictionaryInternal
TargetSite : System.Web.Mvc.ViewEngineResult FindView(System.Web.Mvc.ControllerContext)
HResult : -2146233079
Stack Trace :    at System.Web.Mvc.ViewResult.FindView(ControllerContext context)
   at System.Web.Mvc.ViewResultBase.ExecuteResult(ControllerContext context)
   at System.Web.Mvc.ControllerActionInvoker.InvokeActionResultFilterRecursive(IList`1 filters, Int32 filterIndex, ResultExecutingContext preContext, ControllerContext controllerContext, ActionResult actionResult)
   at System.Web.Mvc.ControllerActionInvoker.InvokeActionResultFilterRecursive(IList`1 filters, Int32 filterIndex, ResultExecutingContext preContext, ControllerContext controllerContext, ActionResult actionResult)
   at System.Web.Mvc.ControllerActionInvoker.InvokeActionResultFilterRecursive(IList`1 filters, Int32 filterIndex, ResultExecutingContext preContext, ControllerContext controllerContext, ActionResult actionResult)
   at System.Web.Mvc.ControllerActionInvoker.InvokeActionResultFilterRecursive(IList`1 filters, Int32 filterIndex, ResultExecutingContext preContext, ControllerContext controllerContext, ActionResult actionResult)
   at System.Web.Mvc.ControllerActionInvoker.InvokeActionResultFilterRecursive(IList`1 filters, Int32 filterIndex, ResultExecutingContext preContext, ControllerContext controllerContext, ActionResult actionResult)
   at System.Web.Mvc.ControllerActionInvoker.InvokeActionResultFilterRecursive(IList`1 filters, Int32 filterIndex, ResultExecutingContext preContext, ControllerContext controllerContext, ActionResult actionResult)
   at System.Web.Mvc.ControllerActionInvoker.InvokeActionResultFilterRecursive(IList`1 filters, Int32 filterIndex, ResultExecutingContext preContext, ControllerContext controllerContext, ActionResult actionResult)
   at System.Web.Mvc.ControllerActionInvoker.InvokeActionResultFilterRecursive(IList`1 filters, Int32 filterIndex, ResultExecutingContext preContext, ControllerContext controllerContext, ActionResult actionResult)
   at System.Web.Mvc.ControllerActionInvoker.InvokeActionResultWithFilters(ControllerContext controllerContext, IList`1 filters, ActionResult actionResult)
   at System.Web.Mvc.ControllerActionInvoker.InvokeAction(ControllerContext controllerContext, String actionName)
   at Telerik.Sitefinity.Mvc.ControllerWrapper.Execute()
   at Telerik.Sitefinity.Mvc.ControllerActionInvoker.ExecuteController(MvcProxyBase proxyControl)
   at Telerik.Sitefinity.Frontend.Mvc.Infrastructure.Routing.FeatherActionInvoker.ExecuteController(MvcProxyBase proxyControl)

Additional Info:

MachineName : TR-IST-2-WKD005
TimeStamp : 11/7/2018 8:56:49 AM
FullName : Telerik.Sitefinity.Utilities, Version=10.2.6602.0, Culture=neutral, PublicKeyToken=b28c218413bdf563
AppDomainName : /LM/W3SVC/16/ROOT-5-131860541730226727
ThreadIdentity : Anonymous
WindowsIdentity : IIS APPPOOL\mikro.local
Requested URL : http://localhost:808/urun-secme-sihirbazi/Index/


Category: ErrorLog

Priority: 0

EventId: 9010

Severity: Warning

Title:Enterprise Library Exception Handling

Machine: TR-IST-2-WKD005

App Domain: /LM/W3SVC/16/ROOT-5-131860541730226727

ProcessId: 16624

Process Name: c:\windows\system32\inetsrv\w3wp.exe

Thread Name: 

Win32 ThreadId:18252

Extended Properties: 
----------------------------------------
----------------------------------------
ActivityId: be64c8a0-5a31-4b7e-be98-b3ebbe35ebe1

Timestamp: 11/7/2018 8:58:40 AM

Message: HandlingInstanceID: cc30fc56-126c-47a9-bc30-03de50881548
An exception of type 'System.IO.DirectoryNotFoundException' occurred and was caught.
------------------------------------------------------------------------------------
11/07/2018 11:58:40
Type : System.IO.DirectoryNotFoundException, mscorlib, Version=4.0.0.0, Culture=neutral, PublicKeyToken=b77a5c561934e089
Message : Could not find a part of the path 'D:\CS Projects\Github\MikroYazilim\App_Data\WebLog\log11-07-2018.txt'.
Source : mscorlib
Help link : 
Data : System.Collections.ListDictionaryInternal
TargetSite : Void WinIOError(Int32, System.String)
HResult : -2147024893
Stack Trace :    at System.IO.__Error.WinIOError(Int32 errorCode, String maybeFullPath)
   at System.IO.FileStream.Init(String path, FileMode mode, FileAccess access, Int32 rights, Boolean useRights, FileShare share, Int32 bufferSize, FileOptions options, SECURITY_ATTRIBUTES secAttrs, String msgPath, Boolean bFromProxy, Boolean useLongPath, Boolean checkHost)
   at System.IO.FileStream..ctor(String path, FileMode mode, FileAccess access, FileShare share, Int32 bufferSize)
   at System.IO.File.Create(String path)
   at SitefinityWebApp.Library.LogProcess.WriteLog(String log) in D:\CS Projects\Github\MikroYazilim\Library\LogProcess.cs:line 25
   at SitefinityWebApp.Library.LogProcess.Create(Exception e) in D:\CS Projects\Github\MikroYazilim\Library\LogProcess.cs:line 17
   at SitefinityWebApp.Mvc.Controllers.Form.ProductSelectionWizardController.Index(ProductSelectionWizard m) in D:\CS Projects\Github\MikroYazilim\Mvc\Controllers\Form\ProductSelectionWizardController.cs:line 188
   at lambda_method(Closure , ControllerBase , Object[] )
   at System.Web.Mvc.ReflectedActionDescriptor.Execute(ControllerContext controllerContext, IDictionary`2 parameters)
   at System.Web.Mvc.ControllerActionInvoker.InvokeActionMethod(ControllerContext controllerContext, ActionDescriptor actionDescriptor, IDictionary`2 parameters)
   at System.Web.Mvc.ControllerActionInvoker.<>c__DisplayClass15.<InvokeActionMethodWithFilters>b__12()
   at System.Web.Mvc.ControllerActionInvoker.InvokeActionMethodFilter(IActionFilter filter, ActionExecutingContext preContext, Func`1 continuation)
   at System.Web.Mvc.ControllerActionInvoker.InvokeActionMethodFilter(IActionFilter filter, ActionExecutingContext preContext, Func`1 continuation)
   at System.Web.Mvc.ControllerActionInvoker.InvokeActionMethodFilter(IActionFilter filter, ActionExecutingContext preContext, Func`1 continuation)
   at System.Web.Mvc.ControllerActionInvoker.InvokeActionMethodFilter(IActionFilter filter, ActionExecutingContext preContext, Func`1 continuation)
   at System.Web.Mvc.ControllerActionInvoker.InvokeActionMethodFilter(IActionFilter filter, ActionExecutingContext preContext, Func`1 continuation)
   at System.Web.Mvc.ControllerActionInvoker.InvokeActionMethodFilter(IActionFilter filter, ActionExecutingContext preContext, Func`1 continuation)
   at System.Web.Mvc.ControllerActionInvoker.InvokeActionMethodFilter(IActionFilter filter, ActionExecutingContext preContext, Func`1 continuation)
   at System.Web.Mvc.ControllerActionInvoker.InvokeAction(ControllerContext controllerContext, String actionName)
   at Telerik.Sitefinity.Mvc.ControllerWrapper.Execute()
   at Telerik.Sitefinity.Mvc.ControllerActionInvoker.ExecuteController(MvcProxyBase proxyControl)
   at Telerik.Sitefinity.Frontend.Mvc.Infrastructure.Routing.FeatherActionInvoker.ExecuteController(MvcProxyBase proxyControl)

Additional Info:

MachineName : TR-IST-2-WKD005
TimeStamp : 11/7/2018 8:58:40 AM
FullName : Telerik.Sitefinity.Utilities, Version=10.2.6602.0, Culture=neutral, PublicKeyToken=b28c218413bdf563
AppDomainName : /LM/W3SVC/16/ROOT-5-131860541730226727
ThreadIdentity : Anonymous
WindowsIdentity : IIS APPPOOL\mikro.local
Requested URL : http://localhost:808/urun-secme-sihirbazi/Index/


Category: ErrorLog

Priority: 0

EventId: 9010

Severity: Warning

Title:Enterprise Library Exception Handling

Machine: TR-IST-2-WKD005

App Domain: /LM/W3SVC/16/ROOT-5-131860541730226727

ProcessId: 16624

Process Name: c:\windows\system32\inetsrv\w3wp.exe

Thread Name: 

Win32 ThreadId:16900

Extended Properties: 
----------------------------------------
