----------------------------------------
ActivityId: 80185d3a-6720-47f2-abd0-0885e8fe2743

Timestamp: 7/5/2018 7:18:45 AM

Message: HandlingInstanceID: 0e70a7dc-a712-4171-a6b1-857c6a9b5ae5
An exception of type 'System.InvalidOperationException' occurred and was caught.
--------------------------------------------------------------------------------
07/05/2018 10:18:45
Type : System.InvalidOperationException, mscorlib, Version=4.0.0.0, Culture=neutral, PublicKeyToken=b77a5c561934e089
Message : The view 'Index' or its master was not found or no view engine supports the searched locations. The following locations were searched:
~/Views/DemoRequestFormDetail/Index.cshtml
~/Views/Shared/Index.cshtml
~/Views/DemoRequestFormDetail/Index.aspx
~/Views/DemoRequestFormDetail/Index.ascx
~/Views/Shared/Index.aspx
~/Views/Shared/Index.ascx
~/Views/DemoRequestFormDetail/Index.vbhtml
~/Views/Shared/Index.vbhtml
Source : System.Web.Mvc
Help link : 
Data : System.Collections.ListDictionaryInternal
TargetSite : System.Web.Mvc.ViewEngineResult FindView(System.Web.Mvc.ControllerContext)
HResult : -2146233079
Stack Trace :    at System.Web.Mvc.ViewResult.FindView(ControllerContext context)
   at System.Web.Mvc.ViewResultBase.ExecuteResult(ControllerContext context)
   at System.Web.Mvc.ControllerActionInvoker.InvokeActionResult(ControllerContext controllerContext, ActionResult actionResult)
   at System.Web.Mvc.ControllerActionInvoker.InvokeActionResultFilterRecursive(IList`1 filters, Int32 filterIndex, ResultExecutingContext preContext, ControllerContext controllerContext, ActionResult actionResult)
   at System.Web.Mvc.ControllerActionInvoker.InvokeActionResultFilterRecursive(IList`1 filters, Int32 filterIndex, ResultExecutingContext preContext, ControllerContext controllerContext, ActionResult actionResult)
   at System.Web.Mvc.ControllerActionInvoker.InvokeActionResultFilterRecursive(IList`1 filters, Int32 filterIndex, ResultExecutingContext preContext, ControllerContext controllerContext, ActionResult actionResult)
   at System.Web.Mvc.ControllerActionInvoker.InvokeActionResultFilterRecursive(IList`1 filters, Int32 filterIndex, ResultExecutingContext preContext, ControllerContext controllerContext, ActionResult actionResult)
   at System.Web.Mvc.ControllerActionInvoker.InvokeActionResultFilterRecursive(IList`1 filters, Int32 filterIndex, ResultExecutingContext preContext, ControllerContext controllerContext, ActionResult actionResult)
   at System.Web.Mvc.ControllerActionInvoker.InvokeActionResultFilterRecursive(IList`1 filters, Int32 filterIndex, ResultExecutingContext preContext, ControllerContext controllerContext, ActionResult actionResult)
   at System.Web.Mvc.ControllerActionInvoker.InvokeActionResultFilterRecursive(IList`1 filters, Int32 filterIndex, ResultExecutingContext preContext, ControllerContext controllerContext, ActionResult actionResult)
   at System.Web.Mvc.ControllerActionInvoker.InvokeActionResultFilterRecursive(IList`1 filters, Int32 filterIndex, ResultExecutingContext preContext, ControllerContext controllerContext, ActionResult actionResult)
   at System.Web.Mvc.ControllerActionInvoker.InvokeActionResultWithFilters(ControllerContext controllerContext, IList`1 filters, ActionResult actionResult)
   at System.Web.Mvc.ControllerActionInvoker.InvokeAction(ControllerContext controllerContext, String actionName)
   at Telerik.Sitefinity.Mvc.ControllerWrapper.Execute()
   at Telerik.Sitefinity.Mvc.ControllerActionInvoker.ExecuteController(MvcProxyBase proxyControl)
   at Telerik.Sitefinity.Frontend.Mvc.Infrastructure.Routing.FeatherActionInvoker.ExecuteController(MvcProxyBase proxyControl)

Additional Info:

MachineName : PT-02
TimeStamp : 7/5/2018 7:18:45 AM
FullName : Telerik.Sitefinity.Utilities, Version=10.2.6602.0, Culture=neutral, PublicKeyToken=b28c218413bdf563
AppDomainName : /LM/W3SVC/4/ROOT-1-131752482124004217
ThreadIdentity : Anonymous
WindowsIdentity : PH\emreg
Requested URL : http://localhost:60001/ucretsiz-demo-talep?product=RUN


Category: ErrorLog

Priority: 0

EventId: 9010

Severity: Warning

Title:Enterprise Library Exception Handling

Machine: PT-02

App Domain: /LM/W3SVC/4/ROOT-1-131752482124004217

ProcessId: 148512

Process Name: C:\Program Files (x86)\IIS Express\iisexpress.exe

Thread Name: 

Win32 ThreadId:151480

Extended Properties: 
----------------------------------------
----------------------------------------
ActivityId: 5d92fb24-1a55-4aa6-9ce0-d02e01d7fcb1

Timestamp: 7/5/2018 7:18:59 AM

Message: HandlingInstanceID: a6523c6c-fcf6-4322-b2cd-85d6d93fc4c3
An exception of type 'System.InvalidOperationException' occurred and was caught.
--------------------------------------------------------------------------------
07/05/2018 10:18:59
Type : System.InvalidOperationException, mscorlib, Version=4.0.0.0, Culture=neutral, PublicKeyToken=b77a5c561934e089
Message : The view 'Index' or its master was not found or no view engine supports the searched locations. The following locations were searched:
~/Views/DemoRequestFormDetail/Index.cshtml
~/Views/Shared/Index.cshtml
~/Views/DemoRequestFormDetail/Index.aspx
~/Views/DemoRequestFormDetail/Index.ascx
~/Views/Shared/Index.aspx
~/Views/Shared/Index.ascx
~/Views/DemoRequestFormDetail/Index.vbhtml
~/Views/Shared/Index.vbhtml
Source : System.Web.Mvc
Help link : 
Data : System.Collections.ListDictionaryInternal
TargetSite : System.Web.Mvc.ViewEngineResult FindView(System.Web.Mvc.ControllerContext)
HResult : -2146233079
Stack Trace :    at System.Web.Mvc.ViewResult.FindView(ControllerContext context)
   at System.Web.Mvc.ViewResultBase.ExecuteResult(ControllerContext context)
   at System.Web.Mvc.ControllerActionInvoker.InvokeActionResult(ControllerContext controllerContext, ActionResult actionResult)
   at System.Web.Mvc.ControllerActionInvoker.InvokeActionResultFilterRecursive(IList`1 filters, Int32 filterIndex, ResultExecutingContext preContext, ControllerContext controllerContext, ActionResult actionResult)
   at System.Web.Mvc.ControllerActionInvoker.InvokeActionResultFilterRecursive(IList`1 filters, Int32 filterIndex, ResultExecutingContext preContext, ControllerContext controllerContext, ActionResult actionResult)
   at System.Web.Mvc.ControllerActionInvoker.InvokeActionResultFilterRecursive(IList`1 filters, Int32 filterIndex, ResultExecutingContext preContext, ControllerContext controllerContext, ActionResult actionResult)
   at System.Web.Mvc.ControllerActionInvoker.InvokeActionResultFilterRecursive(IList`1 filters, Int32 filterIndex, ResultExecutingContext preContext, ControllerContext controllerContext, ActionResult actionResult)
   at System.Web.Mvc.ControllerActionInvoker.InvokeActionResultFilterRecursive(IList`1 filters, Int32 filterIndex, ResultExecutingContext preContext, ControllerContext controllerContext, ActionResult actionResult)
   at System.Web.Mvc.ControllerActionInvoker.InvokeActionResultFilterRecursive(IList`1 filters, Int32 filterIndex, ResultExecutingContext preContext, ControllerContext controllerContext, ActionResult actionResult)
   at System.Web.Mvc.ControllerActionInvoker.InvokeActionResultFilterRecursive(IList`1 filters, Int32 filterIndex, ResultExecutingContext preContext, ControllerContext controllerContext, ActionResult actionResult)
   at System.Web.Mvc.ControllerActionInvoker.InvokeActionResultFilterRecursive(IList`1 filters, Int32 filterIndex, ResultExecutingContext preContext, ControllerContext controllerContext, ActionResult actionResult)
   at System.Web.Mvc.ControllerActionInvoker.InvokeActionResultWithFilters(ControllerContext controllerContext, IList`1 filters, ActionResult actionResult)
   at System.Web.Mvc.ControllerActionInvoker.InvokeAction(ControllerContext controllerContext, String actionName)
   at Telerik.Sitefinity.Mvc.ControllerWrapper.Execute()
   at Telerik.Sitefinity.Mvc.ControllerActionInvoker.ExecuteController(MvcProxyBase proxyControl)
   at Telerik.Sitefinity.Frontend.Mvc.Infrastructure.Routing.FeatherActionInvoker.ExecuteController(MvcProxyBase proxyControl)

Additional Info:

MachineName : PT-02
TimeStamp : 7/5/2018 7:18:59 AM
FullName : Telerik.Sitefinity.Utilities, Version=10.2.6602.0, Culture=neutral, PublicKeyToken=b28c218413bdf563
AppDomainName : /LM/W3SVC/4/ROOT-1-131752482124004217
ThreadIdentity : Anonymous
WindowsIdentity : PH\emreg
Requested URL : http://localhost:60001/ucretsiz-demo-talep?product=RUN


Category: ErrorLog

Priority: 0

EventId: 9010

Severity: Warning

Title:Enterprise Library Exception Handling

Machine: PT-02

App Domain: /LM/W3SVC/4/ROOT-1-131752482124004217

ProcessId: 148512

Process Name: C:\Program Files (x86)\IIS Express\iisexpress.exe

Thread Name: 

Win32 ThreadId:151440

Extended Properties: 
----------------------------------------
----------------------------------------
ActivityId: 7f37e8aa-b509-4c8a-a8b6-292bc66d0a43

Timestamp: 7/5/2018 7:20:13 AM

Message: HandlingInstanceID: 35001d58-3fbd-41ce-9407-cd5d13069849
An exception of type 'System.InvalidOperationException' occurred and was caught.
--------------------------------------------------------------------------------
07/05/2018 10:20:13
Type : System.InvalidOperationException, mscorlib, Version=4.0.0.0, Culture=neutral, PublicKeyToken=b77a5c561934e089
Message : The view 'Index' or its master was not found or no view engine supports the searched locations. The following locations were searched:
~/Views/DemoRequestFormDetail/Index.cshtml
~/Views/Shared/Index.cshtml
~/Views/DemoRequestFormDetail/Index.aspx
~/Views/DemoRequestFormDetail/Index.ascx
~/Views/Shared/Index.aspx
~/Views/Shared/Index.ascx
~/Views/DemoRequestFormDetail/Index.vbhtml
~/Views/Shared/Index.vbhtml
Source : System.Web.Mvc
Help link : 
Data : System.Collections.ListDictionaryInternal
TargetSite : System.Web.Mvc.ViewEngineResult FindView(System.Web.Mvc.ControllerContext)
HResult : -2146233079
Stack Trace :    at System.Web.Mvc.ViewResult.FindView(ControllerContext context)
   at System.Web.Mvc.ViewResultBase.ExecuteResult(ControllerContext context)
   at System.Web.Mvc.ControllerActionInvoker.InvokeActionResult(ControllerContext controllerContext, ActionResult actionResult)
   at System.Web.Mvc.ControllerActionInvoker.InvokeActionResultFilterRecursive(IList`1 filters, Int32 filterIndex, ResultExecutingContext preContext, ControllerContext controllerContext, ActionResult actionResult)
   at System.Web.Mvc.ControllerActionInvoker.InvokeActionResultFilterRecursive(IList`1 filters, Int32 filterIndex, ResultExecutingContext preContext, ControllerContext controllerContext, ActionResult actionResult)
   at System.Web.Mvc.ControllerActionInvoker.InvokeActionResultFilterRecursive(IList`1 filters, Int32 filterIndex, ResultExecutingContext preContext, ControllerContext controllerContext, ActionResult actionResult)
   at System.Web.Mvc.ControllerActionInvoker.InvokeActionResultFilterRecursive(IList`1 filters, Int32 filterIndex, ResultExecutingContext preContext, ControllerContext controllerContext, ActionResult actionResult)
   at System.Web.Mvc.ControllerActionInvoker.InvokeActionResultFilterRecursive(IList`1 filters, Int32 filterIndex, ResultExecutingContext preContext, ControllerContext controllerContext, ActionResult actionResult)
   at System.Web.Mvc.ControllerActionInvoker.InvokeActionResultFilterRecursive(IList`1 filters, Int32 filterIndex, ResultExecutingContext preContext, ControllerContext controllerContext, ActionResult actionResult)
   at System.Web.Mvc.ControllerActionInvoker.InvokeActionResultFilterRecursive(IList`1 filters, Int32 filterIndex, ResultExecutingContext preContext, ControllerContext controllerContext, ActionResult actionResult)
   at System.Web.Mvc.ControllerActionInvoker.InvokeActionResultFilterRecursive(IList`1 filters, Int32 filterIndex, ResultExecutingContext preContext, ControllerContext controllerContext, ActionResult actionResult)
   at System.Web.Mvc.ControllerActionInvoker.InvokeActionResultWithFilters(ControllerContext controllerContext, IList`1 filters, ActionResult actionResult)
   at System.Web.Mvc.ControllerActionInvoker.InvokeAction(ControllerContext controllerContext, String actionName)
   at Telerik.Sitefinity.Mvc.ControllerWrapper.Execute()
   at Telerik.Sitefinity.Mvc.ControllerActionInvoker.ExecuteController(MvcProxyBase proxyControl)
   at Telerik.Sitefinity.Frontend.Mvc.Infrastructure.Routing.FeatherActionInvoker.ExecuteController(MvcProxyBase proxyControl)

Additional Info:

MachineName : PT-02
TimeStamp : 7/5/2018 7:20:13 AM
FullName : Telerik.Sitefinity.Utilities, Version=10.2.6602.0, Culture=neutral, PublicKeyToken=b28c218413bdf563
AppDomainName : /LM/W3SVC/4/ROOT-1-131752482124004217
ThreadIdentity : Anonymous
WindowsIdentity : PH\emreg
Requested URL : http://localhost:60001/ucretsiz-demo-talep?product=RUN


Category: ErrorLog

Priority: 0

EventId: 9010

Severity: Warning

Title:Enterprise Library Exception Handling

Machine: PT-02

App Domain: /LM/W3SVC/4/ROOT-1-131752482124004217

ProcessId: 148512

Process Name: C:\Program Files (x86)\IIS Express\iisexpress.exe

Thread Name: 

Win32 ThreadId:148276

Extended Properties: 
----------------------------------------
----------------------------------------
ActivityId: fc0c9cd4-bad0-42eb-9c65-b4f75a21e007

Timestamp: 7/5/2018 7:20:39 AM

Message: HandlingInstanceID: 59d8df33-f0c1-4030-bc69-5648b945abe1
An exception of type 'System.InvalidOperationException' occurred and was caught.
--------------------------------------------------------------------------------
07/05/2018 10:20:39
Type : System.InvalidOperationException, mscorlib, Version=4.0.0.0, Culture=neutral, PublicKeyToken=b77a5c561934e089
Message : The view 'Index' or its master was not found or no view engine supports the searched locations. The following locations were searched:
~/Views/DemoRequestFormDetail/Index.cshtml
~/Views/Shared/Index.cshtml
~/Views/DemoRequestFormDetail/Index.aspx
~/Views/DemoRequestFormDetail/Index.ascx
~/Views/Shared/Index.aspx
~/Views/Shared/Index.ascx
~/Views/DemoRequestFormDetail/Index.vbhtml
~/Views/Shared/Index.vbhtml
Source : System.Web.Mvc
Help link : 
Data : System.Collections.ListDictionaryInternal
TargetSite : System.Web.Mvc.ViewEngineResult FindView(System.Web.Mvc.ControllerContext)
HResult : -2146233079
Stack Trace :    at System.Web.Mvc.ViewResult.FindView(ControllerContext context)
   at System.Web.Mvc.ViewResultBase.ExecuteResult(ControllerContext context)
   at System.Web.Mvc.ControllerActionInvoker.InvokeActionResult(ControllerContext controllerContext, ActionResult actionResult)
   at System.Web.Mvc.ControllerActionInvoker.InvokeActionResultFilterRecursive(IList`1 filters, Int32 filterIndex, ResultExecutingContext preContext, ControllerContext controllerContext, ActionResult actionResult)
   at System.Web.Mvc.ControllerActionInvoker.InvokeActionResultFilterRecursive(IList`1 filters, Int32 filterIndex, ResultExecutingContext preContext, ControllerContext controllerContext, ActionResult actionResult)
   at System.Web.Mvc.ControllerActionInvoker.InvokeActionResultFilterRecursive(IList`1 filters, Int32 filterIndex, ResultExecutingContext preContext, ControllerContext controllerContext, ActionResult actionResult)
   at System.Web.Mvc.ControllerActionInvoker.InvokeActionResultFilterRecursive(IList`1 filters, Int32 filterIndex, ResultExecutingContext preContext, ControllerContext controllerContext, ActionResult actionResult)
   at System.Web.Mvc.ControllerActionInvoker.InvokeActionResultFilterRecursive(IList`1 filters, Int32 filterIndex, ResultExecutingContext preContext, ControllerContext controllerContext, ActionResult actionResult)
   at System.Web.Mvc.ControllerActionInvoker.InvokeActionResultFilterRecursive(IList`1 filters, Int32 filterIndex, ResultExecutingContext preContext, ControllerContext controllerContext, ActionResult actionResult)
   at System.Web.Mvc.ControllerActionInvoker.InvokeActionResultFilterRecursive(IList`1 filters, Int32 filterIndex, ResultExecutingContext preContext, ControllerContext controllerContext, ActionResult actionResult)
   at System.Web.Mvc.ControllerActionInvoker.InvokeActionResultFilterRecursive(IList`1 filters, Int32 filterIndex, ResultExecutingContext preContext, ControllerContext controllerContext, ActionResult actionResult)
   at System.Web.Mvc.ControllerActionInvoker.InvokeActionResultWithFilters(ControllerContext controllerContext, IList`1 filters, ActionResult actionResult)
   at System.Web.Mvc.ControllerActionInvoker.InvokeAction(ControllerContext controllerContext, String actionName)
   at Telerik.Sitefinity.Mvc.ControllerWrapper.Execute()
   at Telerik.Sitefinity.Mvc.ControllerActionInvoker.ExecuteController(MvcProxyBase proxyControl)
   at Telerik.Sitefinity.Frontend.Mvc.Infrastructure.Routing.FeatherActionInvoker.ExecuteController(MvcProxyBase proxyControl)

Additional Info:

MachineName : PT-02
TimeStamp : 7/5/2018 7:20:39 AM
FullName : Telerik.Sitefinity.Utilities, Version=10.2.6602.0, Culture=neutral, PublicKeyToken=b28c218413bdf563
AppDomainName : /LM/W3SVC/4/ROOT-1-131752482124004217
ThreadIdentity : Anonymous
WindowsIdentity : PH\emreg
Requested URL : http://localhost:60001/ucretsiz-demo-talep?product=RUN


Category: ErrorLog

Priority: 0

EventId: 9010

Severity: Warning

Title:Enterprise Library Exception Handling

Machine: PT-02

App Domain: /LM/W3SVC/4/ROOT-1-131752482124004217

ProcessId: 148512

Process Name: C:\Program Files (x86)\IIS Express\iisexpress.exe

Thread Name: 

Win32 ThreadId:149832

Extended Properties: 
----------------------------------------
----------------------------------------
ActivityId: 00000000-0000-0000-0000-000000000000

Timestamp: 5.7.2018 07:48:11

Message: HandlingInstanceID: e8917734-012f-4943-9cd0-f950cb7b3ebd
An exception of type 'System.Threading.ThreadAbortException' occurred and was caught.
-------------------------------------------------------------------------------------
07/05/2018 10:48:11
Type : System.Threading.ThreadAbortException, mscorlib, Version=4.0.0.0, Culture=neutral, PublicKeyToken=b77a5c561934e089
Message : Thread was being aborted.
Source : Unity_ILEmit_DynamicClasses
Help link : 
ExceptionState : 
Data : System.Collections.ListDictionaryInternal
TargetSite : Telerik.Microsoft.Practices.Unity.InterceptionExtension.IMethodReturn <Initialize_DelegateImplementation>__47(Telerik.Microsoft.Practices.Unity.InterceptionExtension.IMethodInvocation, Telerik.Microsoft.Practices.Unity.InterceptionExtension.GetNextInterceptionBehaviorDelegate)
HResult : -2146233040
Stack Trace :    at DynamicModule.ns.Wrapped_OpenAccessForumsProvider_7d327b81752242ea8734fa3c7c914a74.<Initialize_DelegateImplementation>__47(IMethodInvocation inputs, GetNextInterceptionBehaviorDelegate getNext)
   at Telerik.Microsoft.Practices.Unity.InterceptionExtension.PolicyInjectionBehavior.<>c__DisplayClass1.<Invoke>b__0(IMethodInvocation policyInjectionInput, GetNextHandlerDelegate policyInjectionInputGetNext)
   at Telerik.Microsoft.Practices.Unity.InterceptionExtension.HandlerPipeline.Invoke(IMethodInvocation input, InvokeHandlerDelegate target)
   at Telerik.Microsoft.Practices.Unity.InterceptionExtension.PolicyInjectionBehavior.Invoke(IMethodInvocation input, GetNextInterceptionBehaviorDelegate getNext)
   at Telerik.Microsoft.Practices.Unity.InterceptionExtension.InterceptionBehaviorPipeline.Invoke(IMethodInvocation input, InvokeInterceptionBehaviorDelegate target)
   at DynamicModule.ns.Wrapped_OpenAccessForumsProvider_7d327b81752242ea8734fa3c7c914a74.Initialize(String providerName, NameValueCollection config, Type managerType)
   at Telerik.Sitefinity.Data.ManagerBase`1.InstantiateProvider(IDataProviderSettings providerSettings, Type providerType, ExceptionPolicyName policy, Type managerType)

Additional Info:

MachineName : PT-02
TimeStamp : 5.7.2018 07:48:11
FullName : Telerik.Sitefinity.Utilities, Version=10.2.6602.0, Culture=neutral, PublicKeyToken=b28c218413bdf563
AppDomainName : /LM/W3SVC/4/ROOT-2-131752503937713638
ThreadIdentity : 
WindowsIdentity : PH\emreg


Category: ErrorLog

Priority: 0

EventId: 9010

Severity: Warning

Title:Enterprise Library Exception Handling

Machine: PT-02

App Domain: /LM/W3SVC/4/ROOT-2-131752503937713638

ProcessId: 148512

Process Name: C:\Program Files (x86)\IIS Express\iisexpress.exe

Thread Name: 

Win32 ThreadId:147164

Extended Properties: 
----------------------------------------
----------------------------------------
ActivityId: 00000000-0000-0000-0000-000000000000

Timestamp: 5.7.2018 07:48:11

Message: HandlingInstanceID: 685d2b41-a45e-4525-8038-d81682f6dedc
An exception of type 'System.Threading.ThreadAbortException' occurred and was caught.
-------------------------------------------------------------------------------------
07/05/2018 10:48:11
Type : System.Threading.ThreadAbortException, mscorlib, Version=4.0.0.0, Culture=neutral, PublicKeyToken=b77a5c561934e089
Message : Thread was being aborted.
Source : Telerik.Sitefinity
Help link : 
ExceptionState : 
Data : System.Collections.ListDictionaryInternal
TargetSite : TProviderBase InstantiateProvider(Telerik.Sitefinity.Configuration.IDataProviderSettings, System.Type, Telerik.Sitefinity.Abstractions.ExceptionPolicyName, System.Type)
HResult : -2146233040
Stack Trace :    at Telerik.Sitefinity.Data.ManagerBase`1.InstantiateProvider(IDataProviderSettings providerSettings, Type providerType, ExceptionPolicyName policy, Type managerType)
   at Telerik.Sitefinity.Data.ManagerBase`1.InstantiateProvider(IDataProviderSettings providerSettings, ExceptionPolicyName policy, Type managerType)
   at Telerik.Sitefinity.Data.ManagerBase`1.InstantiateProviders(IEnumerable`1 configProviders, ManagerBase`1 manager)
   at Telerik.Sitefinity.Data.ManagerBase`1.Initialize()

Additional Info:

MachineName : PT-02
TimeStamp : 5.7.2018 07:48:11
FullName : Telerik.Sitefinity.Utilities, Version=10.2.6602.0, Culture=neutral, PublicKeyToken=b28c218413bdf563
AppDomainName : /LM/W3SVC/4/ROOT-2-131752503937713638
ThreadIdentity : 
WindowsIdentity : PH\emreg


Category: ErrorLog

Priority: 0

EventId: 90030

Severity: Error

Title:Enterprise Library Exception Handling

Machine: PT-02

App Domain: /LM/W3SVC/4/ROOT-2-131752503937713638

ProcessId: 148512

Process Name: C:\Program Files (x86)\IIS Express\iisexpress.exe

Thread Name: 

Win32 ThreadId:147164

Extended Properties: 
----------------------------------------
----------------------------------------
ActivityId: bcb4201d-859d-42a1-acde-8a5706e31471

Timestamp: 7/5/2018 8:50:28 AM

Message: HandlingInstanceID: a68e4814-b4d1-4949-bb6e-c509666bc775
An exception of type 'System.Web.HttpException' occurred and was caught.
------------------------------------------------------------------------
07/05/2018 11:50:27
Type : System.Web.HttpException, System.Web, Version=4.0.0.0, Culture=neutral, PublicKeyToken=b03f5f7f11d50a3a
Message : Type 'ASP._Page_Mvc_Views_Form_ContactFormDetail_cshtml' does not inherit from 'System.Web.WebPages.WebPage'.
Source : System.Web
Help link : 
WebEventCode : 0
ErrorCode : -2147467259
Data : System.Collections.ListDictionaryInternal
TargetSite : Void CheckAssignableType(System.Type, System.Type)
HResult : -2147467259
Stack Trace :    at System.Web.UI.Util.CheckAssignableType(Type baseType, Type type)
   at System.Web.Compilation.BuildManager.CreateInstanceFromVirtualPath(VirtualPath virtualPath, Type requiredBaseType, HttpContext context, Boolean allowCrossApp)
   at System.Web.WebPages.BuildManagerWrapper.CreateInstanceOfType[T](String virtualPath)
   at System.Web.WebPages.VirtualPathFactoryExtensions.CreateInstance[T](IVirtualPathFactory factory, String virtualPath)
   at System.Web.WebPages.VirtualPathFactoryManager.CreateInstanceOfType[T](String virtualPath)
   at System.Web.WebPages.VirtualPathFactoryExtensions.CreateInstance[T](IVirtualPathFactory factory, String virtualPath)
   at System.Web.WebPages.WebPageHttpHandler.CreateFromVirtualPath(String virtualPath, IVirtualPathFactory virtualPathFactory)
   at System.Web.WebPages.WebPageRoute.DoPostResolveRequestCache(HttpContextBase context)
   at System.Web.WebPages.WebPageHttpModule.OnApplicationPostResolveRequestCache(Object sender, EventArgs e)
   at System.Web.HttpApplication.SyncEventExecutionStep.System.Web.HttpApplication.IExecutionStep.Execute()
   at System.Web.HttpApplication.ExecuteStepImpl(IExecutionStep step)
   at System.Web.HttpApplication.ExecuteStep(IExecutionStep step, Boolean& completedSynchronously)

Additional Info:

MachineName : PT-02
TimeStamp : 7/5/2018 8:50:28 AM
FullName : Telerik.Sitefinity.Utilities, Version=10.2.6602.0, Culture=neutral, PublicKeyToken=b28c218413bdf563
AppDomainName : /LM/W3SVC/4/ROOT-4-131752539724633401
ThreadIdentity : Anonymous
WindowsIdentity : PH\emreg
Requested URL : http://localhost:60001/Mvc/Views/Form/ContactFormDetail.cshtml


Category: ErrorLog

Priority: 0

EventId: 90000

Severity: Error

Title:Enterprise Library Exception Handling

Machine: PT-02

App Domain: /LM/W3SVC/4/ROOT-4-131752539724633401

ProcessId: 148512

Process Name: C:\Program Files (x86)\IIS Express\iisexpress.exe

Thread Name: 

Win32 ThreadId:155372

Extended Properties: 
----------------------------------------
----------------------------------------
ActivityId: f4698d6f-620c-41d8-ac73-170e39619f7b

Timestamp: 7/5/2018 8:52:12 AM

Message: HandlingInstanceID: 6ea1ff64-23c4-480d-8a3d-060e977fd4b3
An exception of type 'System.InvalidOperationException' occurred and was caught.
--------------------------------------------------------------------------------
07/05/2018 11:52:12
Type : System.InvalidOperationException, mscorlib, Version=4.0.0.0, Culture=neutral, PublicKeyToken=b77a5c561934e089
Message : The view 'Index' or its master was not found or no view engine supports the searched locations. The following locations were searched:
~/Views/ContactFormDetail/Index.cshtml
~/Views/Shared/Index.cshtml
~/Views/ContactFormDetail/Index.aspx
~/Views/ContactFormDetail/Index.ascx
~/Views/Shared/Index.aspx
~/Views/Shared/Index.ascx
~/Views/ContactFormDetail/Index.vbhtml
~/Views/Shared/Index.vbhtml
Source : System.Web.Mvc
Help link : 
Data : System.Collections.ListDictionaryInternal
TargetSite : System.Web.Mvc.ViewEngineResult FindView(System.Web.Mvc.ControllerContext)
HResult : -2146233079
Stack Trace :    at System.Web.Mvc.ViewResult.FindView(ControllerContext context)
   at System.Web.Mvc.ViewResultBase.ExecuteResult(ControllerContext context)
   at System.Web.Mvc.ControllerActionInvoker.InvokeActionResult(ControllerContext controllerContext, ActionResult actionResult)
   at System.Web.Mvc.ControllerActionInvoker.InvokeActionResultFilterRecursive(IList`1 filters, Int32 filterIndex, ResultExecutingContext preContext, ControllerContext controllerContext, ActionResult actionResult)
   at System.Web.Mvc.ControllerActionInvoker.InvokeActionResultFilterRecursive(IList`1 filters, Int32 filterIndex, ResultExecutingContext preContext, ControllerContext controllerContext, ActionResult actionResult)
   at System.Web.Mvc.ControllerActionInvoker.InvokeActionResultFilterRecursive(IList`1 filters, Int32 filterIndex, ResultExecutingContext preContext, ControllerContext controllerContext, ActionResult actionResult)
   at System.Web.Mvc.ControllerActionInvoker.InvokeActionResultFilterRecursive(IList`1 filters, Int32 filterIndex, ResultExecutingContext preContext, ControllerContext controllerContext, ActionResult actionResult)
   at System.Web.Mvc.ControllerActionInvoker.InvokeActionResultFilterRecursive(IList`1 filters, Int32 filterIndex, ResultExecutingContext preContext, ControllerContext controllerContext, ActionResult actionResult)
   at System.Web.Mvc.ControllerActionInvoker.InvokeActionResultFilterRecursive(IList`1 filters, Int32 filterIndex, ResultExecutingContext preContext, ControllerContext controllerContext, ActionResult actionResult)
   at System.Web.Mvc.ControllerActionInvoker.InvokeActionResultFilterRecursive(IList`1 filters, Int32 filterIndex, ResultExecutingContext preContext, ControllerContext controllerContext, ActionResult actionResult)
   at System.Web.Mvc.ControllerActionInvoker.InvokeActionResultFilterRecursive(IList`1 filters, Int32 filterIndex, ResultExecutingContext preContext, ControllerContext controllerContext, ActionResult actionResult)
   at System.Web.Mvc.ControllerActionInvoker.InvokeActionResultWithFilters(ControllerContext controllerContext, IList`1 filters, ActionResult actionResult)
   at System.Web.Mvc.ControllerActionInvoker.InvokeAction(ControllerContext controllerContext, String actionName)
   at Telerik.Sitefinity.Mvc.ControllerWrapper.Execute()
   at Telerik.Sitefinity.Mvc.ControllerActionInvoker.ExecuteController(MvcProxyBase proxyControl)
   at Telerik.Sitefinity.Frontend.Mvc.Infrastructure.Routing.FeatherActionInvoker.ExecuteController(MvcProxyBase proxyControl)

Additional Info:

MachineName : PT-02
TimeStamp : 7/5/2018 8:52:12 AM
FullName : Telerik.Sitefinity.Utilities, Version=10.2.6602.0, Culture=neutral, PublicKeyToken=b28c218413bdf563
AppDomainName : /LM/W3SVC/4/ROOT-4-131752539724633401
ThreadIdentity : Anonymous
WindowsIdentity : PH\emreg
Requested URL : http://localhost:60001/iletisim/bize-ulasin/Index/


Category: ErrorLog

Priority: 0

EventId: 9010

Severity: Warning

Title:Enterprise Library Exception Handling

Machine: PT-02

App Domain: /LM/W3SVC/4/ROOT-4-131752539724633401

ProcessId: 148512

Process Name: C:\Program Files (x86)\IIS Express\iisexpress.exe

Thread Name: 

Win32 ThreadId:155372

Extended Properties: 
----------------------------------------
----------------------------------------
ActivityId: c9ac8a0c-d171-4bcd-8713-4873674b153a

Timestamp: 7/5/2018 2:07:22 PM

Message: HandlingInstanceID: 26520613-8d1d-4e96-a5e0-0017f93b6014
An exception of type 'System.Web.HttpException' occurred and was caught.
------------------------------------------------------------------------
07/05/2018 17:07:22
Type : System.Web.HttpException, System.Web, Version=4.0.0.0, Culture=neutral, PublicKeyToken=b03f5f7f11d50a3a
Message : Type 'ASP._Page_Mvc_Views_Form_ContactFormDetail_cshtml' does not inherit from 'System.Web.WebPages.WebPage'.
Source : System.Web
Help link : 
WebEventCode : 0
ErrorCode : -2147467259
Data : System.Collections.ListDictionaryInternal
TargetSite : Void CheckAssignableType(System.Type, System.Type)
HResult : -2147467259
Stack Trace :    at System.Web.UI.Util.CheckAssignableType(Type baseType, Type type)
   at System.Web.Compilation.BuildManager.CreateInstanceFromVirtualPath(VirtualPath virtualPath, Type requiredBaseType, HttpContext context, Boolean allowCrossApp)
   at System.Web.WebPages.BuildManagerWrapper.CreateInstanceOfType[T](String virtualPath)
   at System.Web.WebPages.VirtualPathFactoryExtensions.CreateInstance[T](IVirtualPathFactory factory, String virtualPath)
   at System.Web.WebPages.VirtualPathFactoryManager.CreateInstanceOfType[T](String virtualPath)
   at System.Web.WebPages.VirtualPathFactoryExtensions.CreateInstance[T](IVirtualPathFactory factory, String virtualPath)
   at System.Web.WebPages.WebPageHttpHandler.CreateFromVirtualPath(String virtualPath, IVirtualPathFactory virtualPathFactory)
   at System.Web.WebPages.WebPageRoute.DoPostResolveRequestCache(HttpContextBase context)
   at System.Web.WebPages.WebPageHttpModule.OnApplicationPostResolveRequestCache(Object sender, EventArgs e)
   at System.Web.HttpApplication.SyncEventExecutionStep.System.Web.HttpApplication.IExecutionStep.Execute()
   at System.Web.HttpApplication.ExecuteStepImpl(IExecutionStep step)
   at System.Web.HttpApplication.ExecuteStep(IExecutionStep step, Boolean& completedSynchronously)

Additional Info:

MachineName : PT-02
TimeStamp : 7/5/2018 2:07:22 PM
FullName : Telerik.Sitefinity.Utilities, Version=10.2.6602.0, Culture=neutral, PublicKeyToken=b28c218413bdf563
AppDomainName : /LM/W3SVC/4/ROOT-1-131752731101017717
ThreadIdentity : Anonymous
WindowsIdentity : PH\emreg
Requested URL : http://localhost:60001/Mvc/Views/Form/ContactFormDetail.cshtml


Category: ErrorLog

Priority: 0

EventId: 90000

Severity: Error

Title:Enterprise Library Exception Handling

Machine: PT-02

App Domain: /LM/W3SVC/4/ROOT-1-131752731101017717

ProcessId: 21332

Process Name: C:\Program Files (x86)\IIS Express\iisexpress.exe

Thread Name: 

Win32 ThreadId:30348

Extended Properties: 
----------------------------------------
