----------------------------------------
ActivityId: 80000030-0005-f800-b63f-84710c7967bb

Timestamp: 6/22/2018 10:46:34 AM

Message: HandlingInstanceID: 117ead63-1a3f-4bb2-a9fd-10bf5c21c974
An exception of type 'System.InvalidOperationException' occurred and was caught.
--------------------------------------------------------------------------------
06/22/2018 13:46:34
Type : System.InvalidOperationException, mscorlib, Version=4.0.0.0, Culture=neutral, PublicKeyToken=b77a5c561934e089
Message : The view 'Index' or its master was not found or no view engine supports the searched locations. The following locations were searched:
~/Views/ProductSelectionWizard/Index.cshtml
~/Views/Shared/Index.cshtml
~/Views/ProductSelectionWizard/Index.aspx
~/Views/ProductSelectionWizard/Index.ascx
~/Views/Shared/Index.aspx
~/Views/Shared/Index.ascx
~/Views/ProductSelectionWizard/Index.vbhtml
~/Views/Shared/Index.vbhtml
Source : System.Web.Mvc
Help link : 
Data : System.Collections.ListDictionaryInternal
TargetSite : System.Web.Mvc.ViewEngineResult FindView(System.Web.Mvc.ControllerContext)
HResult : -2146233079
Stack Trace :    at System.Web.Mvc.ViewResult.FindView(ControllerContext context)
   at System.Web.Mvc.ViewResultBase.ExecuteResult(ControllerContext context)
   at System.Web.Mvc.ControllerActionInvoker.InvokeActionResult(ControllerContext controllerContext, ActionResult actionResult)
   at System.Web.Mvc.ControllerActionInvoker.InvokeActionResultFilterRecursive(IList`1 filters, Int32 filterIndex, ResultExecutingContext preContext, ControllerContext controllerContext, ActionResult actionResult)
   at System.Web.Mvc.ControllerActionInvoker.InvokeActionResultFilterRecursive(IList`1 filters, Int32 filterIndex, ResultExecutingContext preContext, ControllerContext controllerContext, ActionResult actionResult)
   at System.Web.Mvc.ControllerActionInvoker.InvokeActionResultFilterRecursive(IList`1 filters, Int32 filterIndex, ResultExecutingContext preContext, ControllerContext controllerContext, ActionResult actionResult)
   at System.Web.Mvc.ControllerActionInvoker.InvokeActionResultFilterRecursive(IList`1 filters, Int32 filterIndex, ResultExecutingContext preContext, ControllerContext controllerContext, ActionResult actionResult)
   at System.Web.Mvc.ControllerActionInvoker.InvokeActionResultFilterRecursive(IList`1 filters, Int32 filterIndex, ResultExecutingContext preContext, ControllerContext controllerContext, ActionResult actionResult)
   at System.Web.Mvc.ControllerActionInvoker.InvokeActionResultFilterRecursive(IList`1 filters, Int32 filterIndex, ResultExecutingContext preContext, ControllerContext controllerContext, ActionResult actionResult)
   at System.Web.Mvc.ControllerActionInvoker.InvokeActionResultFilterRecursive(IList`1 filters, Int32 filterIndex, ResultExecutingContext preContext, ControllerContext controllerContext, ActionResult actionResult)
   at System.Web.Mvc.ControllerActionInvoker.InvokeActionResultFilterRecursive(IList`1 filters, Int32 filterIndex, ResultExecutingContext preContext, ControllerContext controllerContext, ActionResult actionResult)
   at System.Web.Mvc.ControllerActionInvoker.InvokeActionResultWithFilters(ControllerContext controllerContext, IList`1 filters, ActionResult actionResult)
   at System.Web.Mvc.ControllerActionInvoker.InvokeAction(ControllerContext controllerContext, String actionName)
   at Telerik.Sitefinity.Mvc.ControllerWrapper.Execute()
   at Telerik.Sitefinity.Mvc.ControllerActionInvoker.ExecuteController(MvcProxyBase proxyControl)
   at Telerik.Sitefinity.Frontend.Mvc.Infrastructure.Routing.FeatherActionInvoker.ExecuteController(MvcProxyBase proxyControl)

Additional Info:

MachineName : PT-02
TimeStamp : 6/22/2018 10:46:34 AM
FullName : Telerik.Sitefinity.Utilities, Version=10.2.6602.0, Culture=neutral, PublicKeyToken=b28c218413bdf563
AppDomainName : /LM/W3SVC/4/ROOT-3-131741310760436692
ThreadIdentity : Anonymous
WindowsIdentity : PH\emreg
Requested URL : http://localhost:60001/urun-secme-sihirbazi?utm_medium=display&utm_source=amazon.com&utm_campaign=MikroRun&gclid=test-gclid


Category: ErrorLog

Priority: 0

EventId: 9010

Severity: Warning

Title:Enterprise Library Exception Handling

Machine: PT-02

App Domain: /LM/W3SVC/4/ROOT-3-131741310760436692

ProcessId: 10604

Process Name: C:\Program Files (x86)\IIS Express\iisexpress.exe

Thread Name: 

Win32 ThreadId:21604

Extended Properties: 
----------------------------------------
----------------------------------------
ActivityId: 3286d568-f7f0-4331-9a1a-6ede320778c3

Timestamp: 6/22/2018 10:47:32 AM

Message: HandlingInstanceID: 81b78d32-b74c-43b5-b311-9a0d3467953d
An exception of type 'System.InvalidOperationException' occurred and was caught.
--------------------------------------------------------------------------------
06/22/2018 13:47:32
Type : System.InvalidOperationException, mscorlib, Version=4.0.0.0, Culture=neutral, PublicKeyToken=b77a5c561934e089
Message : The view 'Index' or its master was not found or no view engine supports the searched locations. The following locations were searched:
~/Views/DemoRequestFormDetail/Index.cshtml
~/Views/Shared/Index.cshtml
~/Views/DemoRequestFormDetail/Index.aspx
~/Views/DemoRequestFormDetail/Index.ascx
~/Views/Shared/Index.aspx
~/Views/Shared/Index.ascx
~/Views/DemoRequestFormDetail/Index.vbhtml
~/Views/Shared/Index.vbhtml
Source : System.Web.Mvc
Help link : 
Data : System.Collections.ListDictionaryInternal
TargetSite : System.Web.Mvc.ViewEngineResult FindView(System.Web.Mvc.ControllerContext)
HResult : -2146233079
Stack Trace :    at System.Web.Mvc.ViewResult.FindView(ControllerContext context)
   at System.Web.Mvc.ViewResultBase.ExecuteResult(ControllerContext context)
   at System.Web.Mvc.ControllerActionInvoker.InvokeActionResult(ControllerContext controllerContext, ActionResult actionResult)
   at System.Web.Mvc.ControllerActionInvoker.InvokeActionResultFilterRecursive(IList`1 filters, Int32 filterIndex, ResultExecutingContext preContext, ControllerContext controllerContext, ActionResult actionResult)
   at System.Web.Mvc.ControllerActionInvoker.InvokeActionResultFilterRecursive(IList`1 filters, Int32 filterIndex, ResultExecutingContext preContext, ControllerContext controllerContext, ActionResult actionResult)
   at System.Web.Mvc.ControllerActionInvoker.InvokeActionResultFilterRecursive(IList`1 filters, Int32 filterIndex, ResultExecutingContext preContext, ControllerContext controllerContext, ActionResult actionResult)
   at System.Web.Mvc.ControllerActionInvoker.InvokeActionResultFilterRecursive(IList`1 filters, Int32 filterIndex, ResultExecutingContext preContext, ControllerContext controllerContext, ActionResult actionResult)
   at System.Web.Mvc.ControllerActionInvoker.InvokeActionResultFilterRecursive(IList`1 filters, Int32 filterIndex, ResultExecutingContext preContext, ControllerContext controllerContext, ActionResult actionResult)
   at System.Web.Mvc.ControllerActionInvoker.InvokeActionResultFilterRecursive(IList`1 filters, Int32 filterIndex, ResultExecutingContext preContext, ControllerContext controllerContext, ActionResult actionResult)
   at System.Web.Mvc.ControllerActionInvoker.InvokeActionResultFilterRecursive(IList`1 filters, Int32 filterIndex, ResultExecutingContext preContext, ControllerContext controllerContext, ActionResult actionResult)
   at System.Web.Mvc.ControllerActionInvoker.InvokeActionResultFilterRecursive(IList`1 filters, Int32 filterIndex, ResultExecutingContext preContext, ControllerContext controllerContext, ActionResult actionResult)
   at System.Web.Mvc.ControllerActionInvoker.InvokeActionResultWithFilters(ControllerContext controllerContext, IList`1 filters, ActionResult actionResult)
   at System.Web.Mvc.ControllerActionInvoker.InvokeAction(ControllerContext controllerContext, String actionName)
   at Telerik.Sitefinity.Mvc.ControllerWrapper.Execute()
   at Telerik.Sitefinity.Mvc.ControllerActionInvoker.ExecuteController(MvcProxyBase proxyControl)
   at Telerik.Sitefinity.Frontend.Mvc.Infrastructure.Routing.FeatherActionInvoker.ExecuteController(MvcProxyBase proxyControl)

Additional Info:

MachineName : PT-02
TimeStamp : 6/22/2018 10:47:32 AM
FullName : Telerik.Sitefinity.Utilities, Version=10.2.6602.0, Culture=neutral, PublicKeyToken=b28c218413bdf563
AppDomainName : /LM/W3SVC/4/ROOT-3-131741310760436692
ThreadIdentity : Anonymous
WindowsIdentity : PH\emreg
Requested URL : http://localhost:60001/ucretsiz-demo-talep?product=RUN&utm_medium=display&utm_source=amazon.com&utm_campaign=MikroRun&gclid=test-gclid


Category: ErrorLog

Priority: 0

EventId: 9010

Severity: Warning

Title:Enterprise Library Exception Handling

Machine: PT-02

App Domain: /LM/W3SVC/4/ROOT-3-131741310760436692

ProcessId: 10604

Process Name: C:\Program Files (x86)\IIS Express\iisexpress.exe

Thread Name: 

Win32 ThreadId:16036

Extended Properties: 
----------------------------------------
----------------------------------------
ActivityId: 8000006b-0000-f400-b63f-84710c7967bb

Timestamp: 6/22/2018 10:51:54 AM

Message: HandlingInstanceID: 78efea1b-9c66-43c8-8c64-638eae1b4d4a
An exception of type 'System.InvalidOperationException' occurred and was caught.
--------------------------------------------------------------------------------
06/22/2018 13:51:54
Type : System.InvalidOperationException, mscorlib, Version=4.0.0.0, Culture=neutral, PublicKeyToken=b77a5c561934e089
Message : The view 'Index' or its master was not found or no view engine supports the searched locations. The following locations were searched:
~/Views/DemoRequestFormDetail/Index.cshtml
~/Views/Shared/Index.cshtml
~/Views/DemoRequestFormDetail/Index.aspx
~/Views/DemoRequestFormDetail/Index.ascx
~/Views/Shared/Index.aspx
~/Views/Shared/Index.ascx
~/Views/DemoRequestFormDetail/Index.vbhtml
~/Views/Shared/Index.vbhtml
Source : System.Web.Mvc
Help link : 
Data : System.Collections.ListDictionaryInternal
TargetSite : System.Web.Mvc.ViewEngineResult FindView(System.Web.Mvc.ControllerContext)
HResult : -2146233079
Stack Trace :    at System.Web.Mvc.ViewResult.FindView(ControllerContext context)
   at System.Web.Mvc.ViewResultBase.ExecuteResult(ControllerContext context)
   at System.Web.Mvc.ControllerActionInvoker.InvokeActionResult(ControllerContext controllerContext, ActionResult actionResult)
   at System.Web.Mvc.ControllerActionInvoker.InvokeActionResultFilterRecursive(IList`1 filters, Int32 filterIndex, ResultExecutingContext preContext, ControllerContext controllerContext, ActionResult actionResult)
   at System.Web.Mvc.ControllerActionInvoker.InvokeActionResultFilterRecursive(IList`1 filters, Int32 filterIndex, ResultExecutingContext preContext, ControllerContext controllerContext, ActionResult actionResult)
   at System.Web.Mvc.ControllerActionInvoker.InvokeActionResultFilterRecursive(IList`1 filters, Int32 filterIndex, ResultExecutingContext preContext, ControllerContext controllerContext, ActionResult actionResult)
   at System.Web.Mvc.ControllerActionInvoker.InvokeActionResultFilterRecursive(IList`1 filters, Int32 filterIndex, ResultExecutingContext preContext, ControllerContext controllerContext, ActionResult actionResult)
   at System.Web.Mvc.ControllerActionInvoker.InvokeActionResultFilterRecursive(IList`1 filters, Int32 filterIndex, ResultExecutingContext preContext, ControllerContext controllerContext, ActionResult actionResult)
   at System.Web.Mvc.ControllerActionInvoker.InvokeActionResultFilterRecursive(IList`1 filters, Int32 filterIndex, ResultExecutingContext preContext, ControllerContext controllerContext, ActionResult actionResult)
   at System.Web.Mvc.ControllerActionInvoker.InvokeActionResultFilterRecursive(IList`1 filters, Int32 filterIndex, ResultExecutingContext preContext, ControllerContext controllerContext, ActionResult actionResult)
   at System.Web.Mvc.ControllerActionInvoker.InvokeActionResultFilterRecursive(IList`1 filters, Int32 filterIndex, ResultExecutingContext preContext, ControllerContext controllerContext, ActionResult actionResult)
   at System.Web.Mvc.ControllerActionInvoker.InvokeActionResultWithFilters(ControllerContext controllerContext, IList`1 filters, ActionResult actionResult)
   at System.Web.Mvc.ControllerActionInvoker.InvokeAction(ControllerContext controllerContext, String actionName)
   at Telerik.Sitefinity.Mvc.ControllerWrapper.Execute()
   at Telerik.Sitefinity.Mvc.ControllerActionInvoker.ExecuteController(MvcProxyBase proxyControl)
   at Telerik.Sitefinity.Frontend.Mvc.Infrastructure.Routing.FeatherActionInvoker.ExecuteController(MvcProxyBase proxyControl)

Additional Info:

MachineName : PT-02
TimeStamp : 6/22/2018 10:51:54 AM
FullName : Telerik.Sitefinity.Utilities, Version=10.2.6602.0, Culture=neutral, PublicKeyToken=b28c218413bdf563
AppDomainName : /LM/W3SVC/4/ROOT-3-131741310760436692
ThreadIdentity : Anonymous
WindowsIdentity : PH\emreg
Requested URL : http://localhost:60001/ucretsiz-demo-talep?product=RUN


Category: ErrorLog

Priority: 0

EventId: 9010

Severity: Warning

Title:Enterprise Library Exception Handling

Machine: PT-02

App Domain: /LM/W3SVC/4/ROOT-3-131741310760436692

ProcessId: 10604

Process Name: C:\Program Files (x86)\IIS Express\iisexpress.exe

Thread Name: 

Win32 ThreadId:16036

Extended Properties: 
----------------------------------------
