----------------------------------------
ActivityId: 00000000-0000-0000-0000-000000000000

Timestamp: 14.11.2018 14:45:50

Message: HandlingInstanceID: 3719c8bd-1444-4920-ba87-bb55d52f9caf
An exception of type 'System.IO.FileNotFoundException' occurred and was caught.
-------------------------------------------------------------------------------
11/14/2018 17:45:50
Type : System.IO.FileNotFoundException, mscorlib, Version=4.0.0.0, Culture=neutral, PublicKeyToken=b77a5c561934e089
Message : Could not find file 'D:\CS Projects\Github\MikroYazilim\App_Data\Sitefinity\Search\arama\_1u.cfs'.
Source : Telerik.Sitefinity.Utilities
Help link : 
FileName : D:\CS Projects\Github\MikroYazilim\App_Data\Sitefinity\Search\arama\_1u.cfs
FusionLog : 
Data : System.Collections.ListDictionaryInternal
TargetSite : System.Object Run(Telerik.Sitefinity.Utilities.Lucene.Net.Index.IndexCommit)
HResult : -2147024894
Stack Trace :    at Telerik.Sitefinity.Utilities.Lucene.Net.Index.SegmentInfos.FindSegmentsFile.Run(IndexCommit commit)
   at Telerik.Sitefinity.Utilities.Lucene.Net.Index.DirectoryReader.Open(Directory directory, IndexDeletionPolicy deletionPolicy, IndexCommit commit, Boolean readOnly, Int32 termInfosIndexDivisor)
   at Telerik.Sitefinity.Utilities.Lucene.Net.Index.IndexReader.Open(String path, Boolean readOnly)
   at Telerik.Sitefinity.Services.Search.Data.LuceneSearchService.RemoveDocuments(String catalogueName, IEnumerable`1 documents)
   at Telerik.Sitefinity.Services.Search.Publishing.SearchIndexingTask.RunTask(Object[] args)

Additional Info:

MachineName : TR-IST-2-WKD005
TimeStamp : 14.11.2018 14:45:50
FullName : Telerik.Sitefinity.Utilities, Version=10.2.6602.0, Culture=neutral, PublicKeyToken=b28c218413bdf563
AppDomainName : /LM/W3SVC/16/ROOT-1-131866788776657883
ThreadIdentity : 
WindowsIdentity : IIS APPPOOL\mikro.local
Requested URL : http://localhost:808/


Category: ErrorLog

Priority: 0

EventId: 9010

Severity: Warning

Title:Enterprise Library Exception Handling

Machine: TR-IST-2-WKD005

App Domain: /LM/W3SVC/16/ROOT-1-131866788776657883

ProcessId: 4900

Process Name: c:\windows\system32\inetsrv\w3wp.exe

Thread Name: BackgroundTasksService-Thread-1

Win32 ThreadId:14960

Extended Properties: 
----------------------------------------
----------------------------------------
ActivityId: 00000000-0000-0000-0000-000000000000

Timestamp: 14.11.2018 14:46:12

Message: HandlingInstanceID: f7a7a60c-8690-4b00-b387-1b6ce227fb1d
An exception of type 'System.IO.FileNotFoundException' occurred and was caught.
-------------------------------------------------------------------------------
11/14/2018 17:46:12
Type : System.IO.FileNotFoundException, mscorlib, Version=4.0.0.0, Culture=neutral, PublicKeyToken=b77a5c561934e089
Message : Could not find file 'D:\CS Projects\Github\MikroYazilim\App_Data\Sitefinity\Search\arama\_1u.cfs'.
Source : Telerik.Sitefinity.Utilities
Help link : 
FileName : D:\CS Projects\Github\MikroYazilim\App_Data\Sitefinity\Search\arama\_1u.cfs
FusionLog : 
Data : System.Collections.ListDictionaryInternal
TargetSite : System.Object Run(Telerik.Sitefinity.Utilities.Lucene.Net.Index.IndexCommit)
HResult : -2147024894
Stack Trace :    at Telerik.Sitefinity.Utilities.Lucene.Net.Index.SegmentInfos.FindSegmentsFile.Run(IndexCommit commit)
   at Telerik.Sitefinity.Utilities.Lucene.Net.Index.DirectoryReader.Open(Directory directory, IndexDeletionPolicy deletionPolicy, IndexCommit commit, Boolean readOnly, Int32 termInfosIndexDivisor)
   at Telerik.Sitefinity.Utilities.Lucene.Net.Index.IndexReader.Open(String path, Boolean readOnly)
   at Telerik.Sitefinity.Services.Search.Data.LuceneSearchService.RemoveDocuments(String catalogueName, IEnumerable`1 documents)
   at Telerik.Sitefinity.Services.Search.Publishing.SearchIndexingTask.RunTask(Object[] args)

Additional Info:

MachineName : TR-IST-2-WKD005
TimeStamp : 14.11.2018 14:46:12
FullName : Telerik.Sitefinity.Utilities, Version=10.2.6602.0, Culture=neutral, PublicKeyToken=b28c218413bdf563
AppDomainName : /LM/W3SVC/16/ROOT-1-131866788776657883
ThreadIdentity : 
WindowsIdentity : IIS APPPOOL\mikro.local
Requested URL : http://localhost:808/


Category: ErrorLog

Priority: 0

EventId: 9010

Severity: Warning

Title:Enterprise Library Exception Handling

Machine: TR-IST-2-WKD005

App Domain: /LM/W3SVC/16/ROOT-1-131866788776657883

ProcessId: 4900

Process Name: c:\windows\system32\inetsrv\w3wp.exe

Thread Name: BackgroundTasksService-Thread-2

Win32 ThreadId:5224

Extended Properties: 
----------------------------------------
----------------------------------------
ActivityId: 00000000-0000-0000-0000-000000000000

Timestamp: 14.11.2018 15:07:53

Message: HandlingInstanceID: 339c8178-45ac-4f38-9427-fb3316b299a9
An exception of type 'System.IO.FileNotFoundException' occurred and was caught.
-------------------------------------------------------------------------------
11/14/2018 18:07:53
Type : System.IO.FileNotFoundException, mscorlib, Version=4.0.0.0, Culture=neutral, PublicKeyToken=b77a5c561934e089
Message : Could not find file 'D:\CS Projects\Github\MikroYazilim\App_Data\Sitefinity\Search\arama\_1u.cfs'.
Source : Telerik.Sitefinity.Utilities
Help link : 
FileName : D:\CS Projects\Github\MikroYazilim\App_Data\Sitefinity\Search\arama\_1u.cfs
FusionLog : 
Data : System.Collections.ListDictionaryInternal
TargetSite : System.Object Run(Telerik.Sitefinity.Utilities.Lucene.Net.Index.IndexCommit)
HResult : -2147024894
Stack Trace :    at Telerik.Sitefinity.Utilities.Lucene.Net.Index.SegmentInfos.FindSegmentsFile.Run(IndexCommit commit)
   at Telerik.Sitefinity.Utilities.Lucene.Net.Index.DirectoryReader.Open(Directory directory, IndexDeletionPolicy deletionPolicy, IndexCommit commit, Boolean readOnly, Int32 termInfosIndexDivisor)
   at Telerik.Sitefinity.Utilities.Lucene.Net.Index.IndexReader.Open(String path, Boolean readOnly)
   at Telerik.Sitefinity.Services.Search.Data.LuceneSearchService.RemoveDocuments(String catalogueName, IEnumerable`1 documents)
   at Telerik.Sitefinity.Services.Search.Publishing.SearchIndexingTask.RunTask(Object[] args)

Additional Info:

MachineName : TR-IST-2-WKD005
TimeStamp : 14.11.2018 15:07:53
FullName : Telerik.Sitefinity.Utilities, Version=10.2.6602.0, Culture=neutral, PublicKeyToken=b28c218413bdf563
AppDomainName : /LM/W3SVC/16/ROOT-1-131866788776657883
ThreadIdentity : 
WindowsIdentity : IIS APPPOOL\mikro.local
Requested URL : http://localhost:808/


Category: ErrorLog

Priority: 0

EventId: 9010

Severity: Warning

Title:Enterprise Library Exception Handling

Machine: TR-IST-2-WKD005

App Domain: /LM/W3SVC/16/ROOT-1-131866788776657883

ProcessId: 4900

Process Name: c:\windows\system32\inetsrv\w3wp.exe

Thread Name: BackgroundTasksService-Thread-3

Win32 ThreadId:4052

Extended Properties: 
----------------------------------------
----------------------------------------
ActivityId: 00000000-0000-0000-0000-000000000000

Timestamp: 14.11.2018 15:07:56

Message: HandlingInstanceID: 693fd1f7-7b6a-4468-ab7e-4ecba03af737
An exception of type 'System.IO.FileNotFoundException' occurred and was caught.
-------------------------------------------------------------------------------
11/14/2018 18:07:56
Type : System.IO.FileNotFoundException, mscorlib, Version=4.0.0.0, Culture=neutral, PublicKeyToken=b77a5c561934e089
Message : Could not find file 'D:\CS Projects\Github\MikroYazilim\App_Data\Sitefinity\Search\arama\_1u.cfs'.
Source : Telerik.Sitefinity.Utilities
Help link : 
FileName : D:\CS Projects\Github\MikroYazilim\App_Data\Sitefinity\Search\arama\_1u.cfs
FusionLog : 
Data : System.Collections.ListDictionaryInternal
TargetSite : System.Object Run(Telerik.Sitefinity.Utilities.Lucene.Net.Index.IndexCommit)
HResult : -2147024894
Stack Trace :    at Telerik.Sitefinity.Utilities.Lucene.Net.Index.SegmentInfos.FindSegmentsFile.Run(IndexCommit commit)
   at Telerik.Sitefinity.Utilities.Lucene.Net.Index.DirectoryReader.Open(Directory directory, IndexDeletionPolicy deletionPolicy, IndexCommit commit, Boolean readOnly, Int32 termInfosIndexDivisor)
   at Telerik.Sitefinity.Utilities.Lucene.Net.Index.IndexReader.Open(String path, Boolean readOnly)
   at Telerik.Sitefinity.Services.Search.Data.LuceneSearchService.RemoveDocuments(String catalogueName, IEnumerable`1 documents)
   at Telerik.Sitefinity.Services.Search.Publishing.SearchIndexingTask.RunTask(Object[] args)

Additional Info:

MachineName : TR-IST-2-WKD005
TimeStamp : 14.11.2018 15:07:56
FullName : Telerik.Sitefinity.Utilities, Version=10.2.6602.0, Culture=neutral, PublicKeyToken=b28c218413bdf563
AppDomainName : /LM/W3SVC/16/ROOT-1-131866788776657883
ThreadIdentity : 
WindowsIdentity : IIS APPPOOL\mikro.local
Requested URL : http://localhost:808/


Category: ErrorLog

Priority: 0

EventId: 9010

Severity: Warning

Title:Enterprise Library Exception Handling

Machine: TR-IST-2-WKD005

App Domain: /LM/W3SVC/16/ROOT-1-131866788776657883

ProcessId: 4900

Process Name: c:\windows\system32\inetsrv\w3wp.exe

Thread Name: BackgroundTasksService-Thread-4

Win32 ThreadId:19272

Extended Properties: 
----------------------------------------
----------------------------------------
ActivityId: 00000000-0000-0000-0000-000000000000

Timestamp: 15.11.2018 07:41:48

Message: HandlingInstanceID: ccabed44-40c9-49cb-b57f-299c73754fae
An exception of type 'System.IO.FileNotFoundException' occurred and was caught.
-------------------------------------------------------------------------------
11/15/2018 10:41:48
Type : System.IO.FileNotFoundException, mscorlib, Version=4.0.0.0, Culture=neutral, PublicKeyToken=b77a5c561934e089
Message : Could not find file 'D:\CS Projects\Github\MikroYazilim\App_Data\Sitefinity\Search\arama\_1u.cfs'.
Source : Telerik.Sitefinity.Utilities
Help link : 
FileName : D:\CS Projects\Github\MikroYazilim\App_Data\Sitefinity\Search\arama\_1u.cfs
FusionLog : 
Data : System.Collections.ListDictionaryInternal
TargetSite : System.Object Run(Telerik.Sitefinity.Utilities.Lucene.Net.Index.IndexCommit)
HResult : -2147024894
Stack Trace :    at Telerik.Sitefinity.Utilities.Lucene.Net.Index.SegmentInfos.FindSegmentsFile.Run(IndexCommit commit)
   at Telerik.Sitefinity.Utilities.Lucene.Net.Index.DirectoryReader.Open(Directory directory, IndexDeletionPolicy deletionPolicy, IndexCommit commit, Boolean readOnly, Int32 termInfosIndexDivisor)
   at Telerik.Sitefinity.Utilities.Lucene.Net.Index.IndexReader.Open(String path, Boolean readOnly)
   at Telerik.Sitefinity.Services.Search.Data.LuceneSearchService.RemoveDocuments(String catalogueName, IEnumerable`1 documents)
   at Telerik.Sitefinity.Services.Search.Publishing.SearchIndexingTask.RunTask(Object[] args)

Additional Info:

MachineName : TR-IST-2-WKD005
TimeStamp : 15.11.2018 07:41:48
FullName : Telerik.Sitefinity.Utilities, Version=10.2.6602.0, Culture=neutral, PublicKeyToken=b28c218413bdf563
AppDomainName : /LM/W3SVC/16/ROOT-1-131867408817950475
ThreadIdentity : 
WindowsIdentity : IIS APPPOOL\mikro.local
Requested URL : http://localhost:808/


Category: ErrorLog

Priority: 0

EventId: 9010

Severity: Warning

Title:Enterprise Library Exception Handling

Machine: TR-IST-2-WKD005

App Domain: /LM/W3SVC/16/ROOT-1-131867408817950475

ProcessId: 18988

Process Name: c:\windows\system32\inetsrv\w3wp.exe

Thread Name: BackgroundTasksService-Thread-1

Win32 ThreadId:20636

Extended Properties: 
----------------------------------------
----------------------------------------
ActivityId: 00000000-0000-0000-0000-000000000000

Timestamp: 15.11.2018 07:42:23

Message: HandlingInstanceID: bdc01ac3-b66c-4c11-9b40-198ebbe9c6e6
An exception of type 'System.IO.FileNotFoundException' occurred and was caught.
-------------------------------------------------------------------------------
11/15/2018 10:42:23
Type : System.IO.FileNotFoundException, mscorlib, Version=4.0.0.0, Culture=neutral, PublicKeyToken=b77a5c561934e089
Message : Could not find file 'D:\CS Projects\Github\MikroYazilim\App_Data\Sitefinity\Search\arama\_1u.cfs'.
Source : Telerik.Sitefinity.Utilities
Help link : 
FileName : D:\CS Projects\Github\MikroYazilim\App_Data\Sitefinity\Search\arama\_1u.cfs
FusionLog : 
Data : System.Collections.ListDictionaryInternal
TargetSite : System.Object Run(Telerik.Sitefinity.Utilities.Lucene.Net.Index.IndexCommit)
HResult : -2147024894
Stack Trace :    at Telerik.Sitefinity.Utilities.Lucene.Net.Index.SegmentInfos.FindSegmentsFile.Run(IndexCommit commit)
   at Telerik.Sitefinity.Utilities.Lucene.Net.Index.DirectoryReader.Open(Directory directory, IndexDeletionPolicy deletionPolicy, IndexCommit commit, Boolean readOnly, Int32 termInfosIndexDivisor)
   at Telerik.Sitefinity.Utilities.Lucene.Net.Index.IndexReader.Open(String path, Boolean readOnly)
   at Telerik.Sitefinity.Services.Search.Data.LuceneSearchService.RemoveDocuments(String catalogueName, IEnumerable`1 documents)
   at Telerik.Sitefinity.Services.Search.Publishing.SearchIndexingTask.RunTask(Object[] args)

Additional Info:

MachineName : TR-IST-2-WKD005
TimeStamp : 15.11.2018 07:42:23
FullName : Telerik.Sitefinity.Utilities, Version=10.2.6602.0, Culture=neutral, PublicKeyToken=b28c218413bdf563
AppDomainName : /LM/W3SVC/16/ROOT-1-131867408817950475
ThreadIdentity : 
WindowsIdentity : IIS APPPOOL\mikro.local
Requested URL : http://localhost:808/


Category: ErrorLog

Priority: 0

EventId: 9010

Severity: Warning

Title:Enterprise Library Exception Handling

Machine: TR-IST-2-WKD005

App Domain: /LM/W3SVC/16/ROOT-1-131867408817950475

ProcessId: 18988

Process Name: c:\windows\system32\inetsrv\w3wp.exe

Thread Name: BackgroundTasksService-Thread-2

Win32 ThreadId:13280

Extended Properties: 
----------------------------------------
