----------------------------------------
ActivityId: 397bec29-e657-4582-97a5-d5ca1296dda9

Timestamp: 7/26/2018 7:59:05 AM

Message: HandlingInstanceID: b76abad5-e9d9-47eb-9ba4-b78152c3ea87
An exception of type 'System.Web.HttpException' occurred and was caught.
------------------------------------------------------------------------
07/26/2018 10:59:05
Type : System.Web.HttpException, System.Web, Version=4.0.0.0, Culture=neutral, PublicKeyToken=b03f5f7f11d50a3a
Message : Type 'ASP._Page_Mvc_Views_Logos_List_logos_cshtml' does not inherit from 'System.Web.WebPages.WebPage'.
Source : System.Web
Help link : 
WebEventCode : 0
ErrorCode : -2147467259
Data : System.Collections.ListDictionaryInternal
TargetSite : Void CheckAssignableType(System.Type, System.Type)
HResult : -2147467259
Stack Trace :    at System.Web.UI.Util.CheckAssignableType(Type baseType, Type type)
   at System.Web.Compilation.BuildManager.CreateInstanceFromVirtualPath(VirtualPath virtualPath, Type requiredBaseType, HttpContext context, Boolean allowCrossApp)
   at System.Web.WebPages.BuildManagerWrapper.CreateInstanceOfType[T](String virtualPath)
   at System.Web.WebPages.VirtualPathFactoryExtensions.CreateInstance[T](IVirtualPathFactory factory, String virtualPath)
   at System.Web.WebPages.VirtualPathFactoryManager.CreateInstanceOfType[T](String virtualPath)
   at System.Web.WebPages.VirtualPathFactoryExtensions.CreateInstance[T](IVirtualPathFactory factory, String virtualPath)
   at System.Web.WebPages.WebPageHttpHandler.CreateFromVirtualPath(String virtualPath, IVirtualPathFactory virtualPathFactory)
   at System.Web.WebPages.WebPageRoute.DoPostResolveRequestCache(HttpContextBase context)
   at System.Web.WebPages.WebPageHttpModule.OnApplicationPostResolveRequestCache(Object sender, EventArgs e)
   at System.Web.HttpApplication.SyncEventExecutionStep.System.Web.HttpApplication.IExecutionStep.Execute()
   at System.Web.HttpApplication.ExecuteStepImpl(IExecutionStep step)
   at System.Web.HttpApplication.ExecuteStep(IExecutionStep step, Boolean& completedSynchronously)

Additional Info:

MachineName : PT-02
TimeStamp : 7/26/2018 7:59:05 AM
FullName : Telerik.Sitefinity.Utilities, Version=10.2.6602.0, Culture=neutral, PublicKeyToken=b28c218413bdf563
AppDomainName : /LM/W3SVC/4/ROOT-1-131770654142144954
ThreadIdentity : Anonymous
WindowsIdentity : PH\emreg
Requested URL : http://localhost:60001/Mvc/Views/Logos/List.logos.cshtml


Category: ErrorLog

Priority: 0

EventId: 90000

Severity: Error

Title:Enterprise Library Exception Handling

Machine: PT-02

App Domain: /LM/W3SVC/4/ROOT-1-131770654142144954

ProcessId: 15572

Process Name: C:\Program Files (x86)\IIS Express\iisexpress.exe

Thread Name: 

Win32 ThreadId:26976

Extended Properties: 
----------------------------------------
----------------------------------------
ActivityId: 9cbe8a45-2d70-4a97-9f4c-6ab9bd0e6be9

Timestamp: 7/26/2018 8:25:20 AM

Message: HandlingInstanceID: 0a4b7d75-db54-4910-97b0-525ad2d1dddb
An exception of type 'Microsoft.CSharp.RuntimeBinder.RuntimeBinderException' occurred and was caught.
-----------------------------------------------------------------------------------------------------
07/26/2018 11:25:20
Type : Microsoft.CSharp.RuntimeBinder.RuntimeBinderException, Microsoft.CSharp, Version=4.0.0.0, Culture=neutral, PublicKeyToken=b03f5f7f11d50a3a
Message : 'Telerik.Sitefinity.Frontend.Mvc.Models.DynamicDataItemFieldAccessor' does not contain a definition for 'GroupName'
Source : Anonymously Hosted DynamicMethods Assembly
Help link : 
Data : System.Collections.ListDictionaryInternal
TargetSite : System.Object CallSite.Target(System.Runtime.CompilerServices.Closure, System.Runtime.CompilerServices.CallSite, System.Object)
HResult : -2146233088
Stack Trace :    at CallSite.Target(Closure , CallSite , Object )
   at System.Dynamic.UpdateDelegates.UpdateAndExecute1[T0,TRet](CallSite site, T0 arg0)
   at ASP._Page_Frontend_Assembly_Telerik_Sitefinity_Frontend_DynamicContent_Mvc_Views_logos_List_Logos_cshtml.<Execute>b__8(ItemViewModel p) in c:\Windows\Microsoft.NET\Framework\v4.0.30319\Temporary ASP.NET Files\vs\8d8cab76\ff7706ef\App_Web_list.logos.cshtml.8c772175.pqtmpqr3.0.cs:line 0
   at System.Linq.Lookup`2.Create[TSource](IEnumerable`1 source, Func`2 keySelector, Func`2 elementSelector, IEqualityComparer`1 comparer)
   at System.Linq.GroupedEnumerable`3.GetEnumerator()
   at System.Linq.Enumerable.WhereSelectEnumerableIterator`2.MoveNext()
   at System.Collections.Generic.List`1..ctor(IEnumerable`1 collection)
   at System.Linq.Enumerable.ToList[TSource](IEnumerable`1 source)
   at ASP._Page_Frontend_Assembly_Telerik_Sitefinity_Frontend_DynamicContent_Mvc_Views_logos_List_Logos_cshtml.Execute() in c:\Windows\Microsoft.NET\Framework\v4.0.30319\Temporary ASP.NET Files\vs\8d8cab76\ff7706ef\App_Web_list.logos.cshtml.8c772175.pqtmpqr3.0.cs:line 0
   at System.Web.WebPages.WebPageBase.ExecutePageHierarchy()
   at System.Web.Mvc.WebViewPage.ExecutePageHierarchy()
   at System.Web.WebPages.WebPageBase.ExecutePageHierarchy(WebPageContext pageContext, TextWriter writer, WebPageRenderingBase startPage)
   at System.Web.Mvc.RazorView.RenderView(ViewContext viewContext, TextWriter writer, Object instance)
   at Telerik.Sitefinity.Frontend.Mvc.Infrastructure.Compilation.CompilationPerformanceRazorView.RenderWithPerformanceMeasurement(ViewContext viewContext, TextWriter writer)
   at Telerik.Sitefinity.Frontend.Mvc.Infrastructure.Compilation.CompilationPerformanceRazorView.Render(ViewContext viewContext, TextWriter writer)
   at System.Web.Mvc.ViewResultBase.ExecuteResult(ControllerContext context)
   at System.Web.Mvc.ControllerActionInvoker.InvokeActionResult(ControllerContext controllerContext, ActionResult actionResult)
   at System.Web.Mvc.ControllerActionInvoker.InvokeActionResultFilterRecursive(IList`1 filters, Int32 filterIndex, ResultExecutingContext preContext, ControllerContext controllerContext, ActionResult actionResult)
   at System.Web.Mvc.ControllerActionInvoker.InvokeActionResultFilterRecursive(IList`1 filters, Int32 filterIndex, ResultExecutingContext preContext, ControllerContext controllerContext, ActionResult actionResult)
   at System.Web.Mvc.ControllerActionInvoker.InvokeActionResultFilterRecursive(IList`1 filters, Int32 filterIndex, ResultExecutingContext preContext, ControllerContext controllerContext, ActionResult actionResult)
   at System.Web.Mvc.ControllerActionInvoker.InvokeActionResultFilterRecursive(IList`1 filters, Int32 filterIndex, ResultExecutingContext preContext, ControllerContext controllerContext, ActionResult actionResult)
   at System.Web.Mvc.ControllerActionInvoker.InvokeActionResultFilterRecursive(IList`1 filters, Int32 filterIndex, ResultExecutingContext preContext, ControllerContext controllerContext, ActionResult actionResult)
   at System.Web.Mvc.ControllerActionInvoker.InvokeActionResultFilterRecursive(IList`1 filters, Int32 filterIndex, ResultExecutingContext preContext, ControllerContext controllerContext, ActionResult actionResult)
   at System.Web.Mvc.ControllerActionInvoker.InvokeActionResultFilterRecursive(IList`1 filters, Int32 filterIndex, ResultExecutingContext preContext, ControllerContext controllerContext, ActionResult actionResult)
   at System.Web.Mvc.ControllerActionInvoker.InvokeActionResultFilterRecursive(IList`1 filters, Int32 filterIndex, ResultExecutingContext preContext, ControllerContext controllerContext, ActionResult actionResult)
   at System.Web.Mvc.ControllerActionInvoker.InvokeActionResultWithFilters(ControllerContext controllerContext, IList`1 filters, ActionResult actionResult)
   at System.Web.Mvc.ControllerActionInvoker.InvokeAction(ControllerContext controllerContext, String actionName)
   at Telerik.Sitefinity.Mvc.ControllerWrapper.Execute()
   at Telerik.Sitefinity.Mvc.ControllerActionInvoker.ExecuteController(MvcProxyBase proxyControl)
   at Telerik.Sitefinity.Frontend.Mvc.Infrastructure.Routing.FeatherActionInvoker.ExecuteController(MvcProxyBase proxyControl)

Additional Info:

MachineName : PT-02
TimeStamp : 7/26/2018 8:25:20 AM
FullName : Telerik.Sitefinity.Utilities, Version=10.2.6602.0, Culture=neutral, PublicKeyToken=b28c218413bdf563
AppDomainName : /LM/W3SVC/4/ROOT-1-131770654142144954
ThreadIdentity : batuhan.goksu@ph.com.tr
WindowsIdentity : PH\emreg
Requested URL : http://localhost:60001/kurumsal/basinda-mikro/logo-ve-gorseller


Category: ErrorLog

Priority: 0

EventId: 9010

Severity: Warning

Title:Enterprise Library Exception Handling

Machine: PT-02

App Domain: /LM/W3SVC/4/ROOT-1-131770654142144954

ProcessId: 15572

Process Name: C:\Program Files (x86)\IIS Express\iisexpress.exe

Thread Name: 

Win32 ThreadId:7268

Extended Properties: 
----------------------------------------
----------------------------------------
ActivityId: 94b21685-f633-43d9-a182-46e4516a7177

Timestamp: 7/26/2018 8:26:06 AM

Message: HandlingInstanceID: 1de8b7e6-7431-4cc4-b6d2-b5e21a212344
An exception of type 'Microsoft.CSharp.RuntimeBinder.RuntimeBinderException' occurred and was caught.
-----------------------------------------------------------------------------------------------------
07/26/2018 11:26:06
Type : Microsoft.CSharp.RuntimeBinder.RuntimeBinderException, Microsoft.CSharp, Version=4.0.0.0, Culture=neutral, PublicKeyToken=b03f5f7f11d50a3a
Message : Cannot convert type 'Telerik.Sitefinity.Frontend.Mvc.Models.ItemViewModel[]' to 'Telerik.Sitefinity.Frontend.Mvc.Models.ItemViewModel'
Source : Anonymously Hosted DynamicMethods Assembly
Help link : 
Data : System.Collections.ListDictionaryInternal
TargetSite : Telerik.Sitefinity.Frontend.Mvc.Models.ItemViewModel CallSite.Target(System.Runtime.CompilerServices.Closure, System.Runtime.CompilerServices.CallSite, System.Object)
HResult : -2146233088
Stack Trace :    at CallSite.Target(Closure , CallSite , Object )
   at System.Dynamic.UpdateDelegates.UpdateAndExecute1[T0,TRet](CallSite site, T0 arg0)
   at ASP._Page_Frontend_Assembly_Telerik_Sitefinity_Frontend_DynamicContent_Mvc_Views_logos_List_Logos_cshtml.<Execute>b__a(ItemViewModel xx) in c:\Windows\Microsoft.NET\Framework\v4.0.30319\Temporary ASP.NET Files\vs\8d8cab76\ff7706ef\App_Web_list.logos.cshtml.8c772175.cld8szpm.0.cs:line 0
   at System.Linq.Enumerable.WhereSelectEnumerableIterator`2.MoveNext()
   at System.Collections.Generic.List`1..ctor(IEnumerable`1 collection)
   at System.Linq.Enumerable.ToList[TSource](IEnumerable`1 source)
   at ASP._Page_Frontend_Assembly_Telerik_Sitefinity_Frontend_DynamicContent_Mvc_Views_logos_List_Logos_cshtml.<Execute>b__9(IGrouping`2 x) in c:\Windows\Microsoft.NET\Framework\v4.0.30319\Temporary ASP.NET Files\vs\8d8cab76\ff7706ef\App_Web_list.logos.cshtml.8c772175.cld8szpm.0.cs:line 0
   at System.Linq.Enumerable.WhereSelectEnumerableIterator`2.MoveNext()
   at System.Collections.Generic.List`1..ctor(IEnumerable`1 collection)
   at System.Linq.Enumerable.ToList[TSource](IEnumerable`1 source)
   at ASP._Page_Frontend_Assembly_Telerik_Sitefinity_Frontend_DynamicContent_Mvc_Views_logos_List_Logos_cshtml.Execute() in c:\Windows\Microsoft.NET\Framework\v4.0.30319\Temporary ASP.NET Files\vs\8d8cab76\ff7706ef\App_Web_list.logos.cshtml.8c772175.cld8szpm.0.cs:line 0
   at System.Web.WebPages.WebPageBase.ExecutePageHierarchy()
   at System.Web.Mvc.WebViewPage.ExecutePageHierarchy()
   at System.Web.WebPages.WebPageBase.ExecutePageHierarchy(WebPageContext pageContext, TextWriter writer, WebPageRenderingBase startPage)
   at System.Web.Mvc.RazorView.RenderView(ViewContext viewContext, TextWriter writer, Object instance)
   at Telerik.Sitefinity.Frontend.Mvc.Infrastructure.Compilation.CompilationPerformanceRazorView.RenderWithPerformanceMeasurement(ViewContext viewContext, TextWriter writer)
   at Telerik.Sitefinity.Frontend.Mvc.Infrastructure.Compilation.CompilationPerformanceRazorView.Render(ViewContext viewContext, TextWriter writer)
   at System.Web.Mvc.ViewResultBase.ExecuteResult(ControllerContext context)
   at System.Web.Mvc.ControllerActionInvoker.InvokeActionResult(ControllerContext controllerContext, ActionResult actionResult)
   at System.Web.Mvc.ControllerActionInvoker.InvokeActionResultFilterRecursive(IList`1 filters, Int32 filterIndex, ResultExecutingContext preContext, ControllerContext controllerContext, ActionResult actionResult)
   at System.Web.Mvc.ControllerActionInvoker.InvokeActionResultFilterRecursive(IList`1 filters, Int32 filterIndex, ResultExecutingContext preContext, ControllerContext controllerContext, ActionResult actionResult)
   at System.Web.Mvc.ControllerActionInvoker.InvokeActionResultFilterRecursive(IList`1 filters, Int32 filterIndex, ResultExecutingContext preContext, ControllerContext controllerContext, ActionResult actionResult)
   at System.Web.Mvc.ControllerActionInvoker.InvokeActionResultFilterRecursive(IList`1 filters, Int32 filterIndex, ResultExecutingContext preContext, ControllerContext controllerContext, ActionResult actionResult)
   at System.Web.Mvc.ControllerActionInvoker.InvokeActionResultFilterRecursive(IList`1 filters, Int32 filterIndex, ResultExecutingContext preContext, ControllerContext controllerContext, ActionResult actionResult)
   at System.Web.Mvc.ControllerActionInvoker.InvokeActionResultFilterRecursive(IList`1 filters, Int32 filterIndex, ResultExecutingContext preContext, ControllerContext controllerContext, ActionResult actionResult)
   at System.Web.Mvc.ControllerActionInvoker.InvokeActionResultFilterRecursive(IList`1 filters, Int32 filterIndex, ResultExecutingContext preContext, ControllerContext controllerContext, ActionResult actionResult)
   at System.Web.Mvc.ControllerActionInvoker.InvokeActionResultFilterRecursive(IList`1 filters, Int32 filterIndex, ResultExecutingContext preContext, ControllerContext controllerContext, ActionResult actionResult)
   at System.Web.Mvc.ControllerActionInvoker.InvokeActionResultWithFilters(ControllerContext controllerContext, IList`1 filters, ActionResult actionResult)
   at System.Web.Mvc.ControllerActionInvoker.InvokeAction(ControllerContext controllerContext, String actionName)
   at Telerik.Sitefinity.Mvc.ControllerWrapper.Execute()
   at Telerik.Sitefinity.Mvc.ControllerActionInvoker.ExecuteController(MvcProxyBase proxyControl)
   at Telerik.Sitefinity.Frontend.Mvc.Infrastructure.Routing.FeatherActionInvoker.ExecuteController(MvcProxyBase proxyControl)

Additional Info:

MachineName : PT-02
TimeStamp : 7/26/2018 8:26:06 AM
FullName : Telerik.Sitefinity.Utilities, Version=10.2.6602.0, Culture=neutral, PublicKeyToken=b28c218413bdf563
AppDomainName : /LM/W3SVC/4/ROOT-1-131770654142144954
ThreadIdentity : batuhan.goksu@ph.com.tr
WindowsIdentity : PH\emreg
Requested URL : http://localhost:60001/kurumsal/basinda-mikro/logo-ve-gorseller


Category: ErrorLog

Priority: 0

EventId: 9010

Severity: Warning

Title:Enterprise Library Exception Handling

Machine: PT-02

App Domain: /LM/W3SVC/4/ROOT-1-131770654142144954

ProcessId: 15572

Process Name: C:\Program Files (x86)\IIS Express\iisexpress.exe

Thread Name: 

Win32 ThreadId:10688

Extended Properties: 
----------------------------------------
----------------------------------------
ActivityId: 00000000-0000-0000-0000-000000000000

Timestamp: 1.8.2018 06:58:55

Message: HandlingInstanceID: 3b555994-5c69-4244-9be1-6b30ebfbd77d
An exception of type 'System.IO.FileNotFoundException' occurred and was caught.
-------------------------------------------------------------------------------
08/01/2018 09:58:55
Type : System.IO.FileNotFoundException, mscorlib, Version=4.0.0.0, Culture=neutral, PublicKeyToken=b77a5c561934e089
Message : Could not find file 'D:\CS Projects\Github\MikroYazilim\App_Data\Sitefinity\Search\arama\_1u.cfs'.
Source : Telerik.Sitefinity.Utilities
Help link : 
FileName : D:\CS Projects\Github\MikroYazilim\App_Data\Sitefinity\Search\arama\_1u.cfs
FusionLog : 
Data : System.Collections.ListDictionaryInternal
TargetSite : System.Object Run(Telerik.Sitefinity.Utilities.Lucene.Net.Index.IndexCommit)
HResult : -2147024894
Stack Trace :    at Telerik.Sitefinity.Utilities.Lucene.Net.Index.SegmentInfos.FindSegmentsFile.Run(IndexCommit commit)
   at Telerik.Sitefinity.Utilities.Lucene.Net.Index.DirectoryReader.Open(Directory directory, IndexDeletionPolicy deletionPolicy, IndexCommit commit, Boolean readOnly, Int32 termInfosIndexDivisor)
   at Telerik.Sitefinity.Utilities.Lucene.Net.Index.IndexReader.Open(String path, Boolean readOnly)
   at Telerik.Sitefinity.Services.Search.Data.LuceneSearchService.RemoveDocuments(String catalogueName, IEnumerable`1 documents)
   at Telerik.Sitefinity.Services.Search.Publishing.SearchIndexingTask.RunTask(Object[] args)

Additional Info:

MachineName : PT-08
TimeStamp : 1.8.2018 06:58:55
FullName : Telerik.Sitefinity.Utilities, Version=10.2.6602.0, Culture=neutral, PublicKeyToken=b28c218413bdf563
AppDomainName : /LM/W3SVC/16/ROOT-1-131775234489493713
ThreadIdentity : 
WindowsIdentity : IIS APPPOOL\mikro.local
Requested URL : http://localhost:808/


Category: ErrorLog

Priority: 0

EventId: 9010

Severity: Warning

Title:Enterprise Library Exception Handling

Machine: PT-08

App Domain: /LM/W3SVC/16/ROOT-1-131775234489493713

ProcessId: 9016

Process Name: c:\windows\system32\inetsrv\w3wp.exe

Thread Name: BackgroundTasksService-Thread-1

Win32 ThreadId:13632

Extended Properties: 
----------------------------------------
----------------------------------------
ActivityId: 00000000-0000-0000-0000-000000000000

Timestamp: 1.8.2018 07:01:32

Message: HandlingInstanceID: 2be37f26-a26a-4e23-871e-aa5fe6e93864
An exception of type 'System.IO.FileNotFoundException' occurred and was caught.
-------------------------------------------------------------------------------
08/01/2018 10:01:32
Type : System.IO.FileNotFoundException, mscorlib, Version=4.0.0.0, Culture=neutral, PublicKeyToken=b77a5c561934e089
Message : Could not find file 'D:\CS Projects\Github\MikroYazilim\App_Data\Sitefinity\Search\arama\_1u.cfs'.
Source : Telerik.Sitefinity.Utilities
Help link : 
FileName : D:\CS Projects\Github\MikroYazilim\App_Data\Sitefinity\Search\arama\_1u.cfs
FusionLog : 
Data : System.Collections.ListDictionaryInternal
TargetSite : System.Object Run(Telerik.Sitefinity.Utilities.Lucene.Net.Index.IndexCommit)
HResult : -2147024894
Stack Trace :    at Telerik.Sitefinity.Utilities.Lucene.Net.Index.SegmentInfos.FindSegmentsFile.Run(IndexCommit commit)
   at Telerik.Sitefinity.Utilities.Lucene.Net.Index.DirectoryReader.Open(Directory directory, IndexDeletionPolicy deletionPolicy, IndexCommit commit, Boolean readOnly, Int32 termInfosIndexDivisor)
   at Telerik.Sitefinity.Utilities.Lucene.Net.Index.IndexReader.Open(String path, Boolean readOnly)
   at Telerik.Sitefinity.Services.Search.Data.LuceneSearchService.RemoveDocuments(String catalogueName, IEnumerable`1 documents)
   at Telerik.Sitefinity.Services.Search.Publishing.SearchIndexingTask.RunTask(Object[] args)

Additional Info:

MachineName : PT-08
TimeStamp : 1.8.2018 07:01:32
FullName : Telerik.Sitefinity.Utilities, Version=10.2.6602.0, Culture=neutral, PublicKeyToken=b28c218413bdf563
AppDomainName : /LM/W3SVC/16/ROOT-1-131775234489493713
ThreadIdentity : 
WindowsIdentity : IIS APPPOOL\mikro.local
Requested URL : http://localhost:808/


Category: ErrorLog

Priority: 0

EventId: 9010

Severity: Warning

Title:Enterprise Library Exception Handling

Machine: PT-08

App Domain: /LM/W3SVC/16/ROOT-1-131775234489493713

ProcessId: 9016

Process Name: c:\windows\system32\inetsrv\w3wp.exe

Thread Name: BackgroundTasksService-Thread-2

Win32 ThreadId:11172

Extended Properties: 
----------------------------------------
----------------------------------------
ActivityId: 6b0a9b5e-88e3-4986-a278-1bf6653456e3

Timestamp: 8/1/2018 7:03:05 AM

Message: HandlingInstanceID: feda3e38-e4ed-46b6-84cc-77326e2b66a1
An exception of type 'Microsoft.CSharp.RuntimeBinder.RuntimeBinderException' occurred and was caught.
-----------------------------------------------------------------------------------------------------
08/01/2018 10:03:05
Type : Microsoft.CSharp.RuntimeBinder.RuntimeBinderException, Microsoft.CSharp, Version=4.0.0.0, Culture=neutral, PublicKeyToken=b03f5f7f11d50a3a
Message : Operator '==' cannot be applied to operands of type 'Telerik.Sitefinity.DynamicModules.Model.ChoiceOption' and 'string'
Source : Anonymously Hosted DynamicMethods Assembly
Help link : 
Data : System.Collections.ListDictionaryInternal
TargetSite : System.Object CallSite.Target(System.Runtime.CompilerServices.Closure, System.Runtime.CompilerServices.CallSite, System.Object, System.String)
HResult : -2146233088
Stack Trace :    at CallSite.Target(Closure , CallSite , Object , String )
   at System.Dynamic.UpdateDelegates.UpdateAndExecute2[T0,T1,TRet](CallSite site, T0 arg0, T1 arg1)
   at ASP._Page_Frontend_Assembly_Telerik_Sitefinity_Frontend_DynamicContent_Mvc_Views_Isortaklarimiz_List_IsOrtaklarimiz_cshtml.Execute() in c:\Windows\Microsoft.NET\Framework64\v4.0.30319\Temporary ASP.NET Files\root\a977cac0\3078a618\App_Web_list.isortaklarimiz.cshtml.5bd68c73.g4plqag4.0.cs:line 0
   at System.Web.WebPages.WebPageBase.ExecutePageHierarchy()
   at System.Web.Mvc.WebViewPage.ExecutePageHierarchy()
   at System.Web.WebPages.WebPageBase.ExecutePageHierarchy(WebPageContext pageContext, TextWriter writer, WebPageRenderingBase startPage)
   at Telerik.Sitefinity.Frontend.Mvc.Infrastructure.Compilation.CompilationPerformanceRazorView.RenderWithPerformanceMeasurement(ViewContext viewContext, TextWriter writer)
   at Telerik.Sitefinity.Frontend.Mvc.Infrastructure.Compilation.CompilationPerformanceRazorView.Render(ViewContext viewContext, TextWriter writer)
   at System.Web.Mvc.ViewResultBase.ExecuteResult(ControllerContext context)
   at System.Web.Mvc.ControllerActionInvoker.InvokeActionResultFilterRecursive(IList`1 filters, Int32 filterIndex, ResultExecutingContext preContext, ControllerContext controllerContext, ActionResult actionResult)
   at System.Web.Mvc.ControllerActionInvoker.InvokeActionResultFilterRecursive(IList`1 filters, Int32 filterIndex, ResultExecutingContext preContext, ControllerContext controllerContext, ActionResult actionResult)
   at System.Web.Mvc.ControllerActionInvoker.InvokeActionResultFilterRecursive(IList`1 filters, Int32 filterIndex, ResultExecutingContext preContext, ControllerContext controllerContext, ActionResult actionResult)
   at System.Web.Mvc.ControllerActionInvoker.InvokeActionResultFilterRecursive(IList`1 filters, Int32 filterIndex, ResultExecutingContext preContext, ControllerContext controllerContext, ActionResult actionResult)
   at System.Web.Mvc.ControllerActionInvoker.InvokeActionResultFilterRecursive(IList`1 filters, Int32 filterIndex, ResultExecutingContext preContext, ControllerContext controllerContext, ActionResult actionResult)
   at System.Web.Mvc.ControllerActionInvoker.InvokeActionResultFilterRecursive(IList`1 filters, Int32 filterIndex, ResultExecutingContext preContext, ControllerContext controllerContext, ActionResult actionResult)
   at System.Web.Mvc.ControllerActionInvoker.InvokeActionResultFilterRecursive(IList`1 filters, Int32 filterIndex, ResultExecutingContext preContext, ControllerContext controllerContext, ActionResult actionResult)
   at System.Web.Mvc.ControllerActionInvoker.InvokeActionResultFilterRecursive(IList`1 filters, Int32 filterIndex, ResultExecutingContext preContext, ControllerContext controllerContext, ActionResult actionResult)
   at System.Web.Mvc.ControllerActionInvoker.InvokeActionResultWithFilters(ControllerContext controllerContext, IList`1 filters, ActionResult actionResult)
   at System.Web.Mvc.ControllerActionInvoker.InvokeAction(ControllerContext controllerContext, String actionName)
   at Telerik.Sitefinity.Mvc.ControllerWrapper.Execute()
   at Telerik.Sitefinity.Mvc.ControllerActionInvoker.ExecuteController(MvcProxyBase proxyControl)
   at Telerik.Sitefinity.Frontend.Mvc.Infrastructure.Routing.FeatherActionInvoker.ExecuteController(MvcProxyBase proxyControl)

Additional Info:

MachineName : PT-08
TimeStamp : 8/1/2018 7:03:05 AM
FullName : Telerik.Sitefinity.Utilities, Version=10.2.6602.0, Culture=neutral, PublicKeyToken=b28c218413bdf563
AppDomainName : /LM/W3SVC/16/ROOT-1-131775234489493713
ThreadIdentity : batuhan.goksu@ph.com.tr
WindowsIdentity : IIS APPPOOL\mikro.local
Requested URL : http://localhost:808/is-ortaklari/is-ortaklarimiz


Category: ErrorLog

Priority: 0

EventId: 9010

Severity: Warning

Title:Enterprise Library Exception Handling

Machine: PT-08

App Domain: /LM/W3SVC/16/ROOT-1-131775234489493713

ProcessId: 9016

Process Name: c:\windows\system32\inetsrv\w3wp.exe

Thread Name: 

Win32 ThreadId:13184

Extended Properties: 
----------------------------------------
----------------------------------------
ActivityId: 15917c78-d08d-4ae5-8d08-5d46949e02fe

Timestamp: 8/1/2018 7:03:14 AM

Message: HandlingInstanceID: bd30669c-5658-4e8e-8847-834f7e7ce22c
An exception of type 'Microsoft.CSharp.RuntimeBinder.RuntimeBinderException' occurred and was caught.
-----------------------------------------------------------------------------------------------------
08/01/2018 10:03:14
Type : Microsoft.CSharp.RuntimeBinder.RuntimeBinderException, Microsoft.CSharp, Version=4.0.0.0, Culture=neutral, PublicKeyToken=b03f5f7f11d50a3a
Message : Operator '==' cannot be applied to operands of type 'Telerik.Sitefinity.DynamicModules.Model.ChoiceOption' and 'string'
Source : Anonymously Hosted DynamicMethods Assembly
Help link : 
Data : System.Collections.ListDictionaryInternal
TargetSite : System.Object CallSite.Target(System.Runtime.CompilerServices.Closure, System.Runtime.CompilerServices.CallSite, System.Object, System.String)
HResult : -2146233088
Stack Trace :    at CallSite.Target(Closure , CallSite , Object , String )
   at ASP._Page_Frontend_Assembly_Telerik_Sitefinity_Frontend_DynamicContent_Mvc_Views_Isortaklarimiz_List_IsOrtaklarimiz_cshtml.Execute() in c:\Windows\Microsoft.NET\Framework64\v4.0.30319\Temporary ASP.NET Files\root\a977cac0\3078a618\App_Web_list.isortaklarimiz.cshtml.5bd68c73.g4plqag4.0.cs:line 0
   at System.Web.WebPages.WebPageBase.ExecutePageHierarchy()
   at System.Web.Mvc.WebViewPage.ExecutePageHierarchy()
   at System.Web.WebPages.WebPageBase.ExecutePageHierarchy(WebPageContext pageContext, TextWriter writer, WebPageRenderingBase startPage)
   at Telerik.Sitefinity.Frontend.Mvc.Infrastructure.Compilation.CompilationPerformanceRazorView.Render(ViewContext viewContext, TextWriter writer)
   at System.Web.Mvc.ViewResultBase.ExecuteResult(ControllerContext context)
   at System.Web.Mvc.ControllerActionInvoker.InvokeActionResultFilterRecursive(IList`1 filters, Int32 filterIndex, ResultExecutingContext preContext, ControllerContext controllerContext, ActionResult actionResult)
   at System.Web.Mvc.ControllerActionInvoker.InvokeActionResultFilterRecursive(IList`1 filters, Int32 filterIndex, ResultExecutingContext preContext, ControllerContext controllerContext, ActionResult actionResult)
   at System.Web.Mvc.ControllerActionInvoker.InvokeActionResultFilterRecursive(IList`1 filters, Int32 filterIndex, ResultExecutingContext preContext, ControllerContext controllerContext, ActionResult actionResult)
   at System.Web.Mvc.ControllerActionInvoker.InvokeActionResultFilterRecursive(IList`1 filters, Int32 filterIndex, ResultExecutingContext preContext, ControllerContext controllerContext, ActionResult actionResult)
   at System.Web.Mvc.ControllerActionInvoker.InvokeActionResultFilterRecursive(IList`1 filters, Int32 filterIndex, ResultExecutingContext preContext, ControllerContext controllerContext, ActionResult actionResult)
   at System.Web.Mvc.ControllerActionInvoker.InvokeActionResultFilterRecursive(IList`1 filters, Int32 filterIndex, ResultExecutingContext preContext, ControllerContext controllerContext, ActionResult actionResult)
   at System.Web.Mvc.ControllerActionInvoker.InvokeActionResultFilterRecursive(IList`1 filters, Int32 filterIndex, ResultExecutingContext preContext, ControllerContext controllerContext, ActionResult actionResult)
   at System.Web.Mvc.ControllerActionInvoker.InvokeActionResultFilterRecursive(IList`1 filters, Int32 filterIndex, ResultExecutingContext preContext, ControllerContext controllerContext, ActionResult actionResult)
   at System.Web.Mvc.ControllerActionInvoker.InvokeActionResultWithFilters(ControllerContext controllerContext, IList`1 filters, ActionResult actionResult)
   at System.Web.Mvc.ControllerActionInvoker.InvokeAction(ControllerContext controllerContext, String actionName)
   at Telerik.Sitefinity.Mvc.ControllerWrapper.Execute()
   at Telerik.Sitefinity.Mvc.ControllerActionInvoker.ExecuteController(MvcProxyBase proxyControl)
   at Telerik.Sitefinity.Frontend.Mvc.Infrastructure.Routing.FeatherActionInvoker.ExecuteController(MvcProxyBase proxyControl)

Additional Info:

MachineName : PT-08
TimeStamp : 8/1/2018 7:03:14 AM
FullName : Telerik.Sitefinity.Utilities, Version=10.2.6602.0, Culture=neutral, PublicKeyToken=b28c218413bdf563
AppDomainName : /LM/W3SVC/16/ROOT-1-131775234489493713
ThreadIdentity : Anonymous
WindowsIdentity : IIS APPPOOL\mikro.local
Requested URL : http://localhost:808/is-ortaklari/is-ortaklarimiz


Category: ErrorLog

Priority: 0

EventId: 9010

Severity: Warning

Title:Enterprise Library Exception Handling

Machine: PT-08

App Domain: /LM/W3SVC/16/ROOT-1-131775234489493713

ProcessId: 9016

Process Name: c:\windows\system32\inetsrv\w3wp.exe

Thread Name: 

Win32 ThreadId:4832

Extended Properties: 
----------------------------------------
----------------------------------------
ActivityId: 649cdfba-573c-4603-be30-d533fc573ad8

Timestamp: 8/1/2018 7:04:02 AM

Message: HandlingInstanceID: 812cec16-061d-40b2-90db-6e6c5b8389fe
An exception of type 'Microsoft.CSharp.RuntimeBinder.RuntimeBinderException' occurred and was caught.
-----------------------------------------------------------------------------------------------------
08/01/2018 10:04:02
Type : Microsoft.CSharp.RuntimeBinder.RuntimeBinderException, Microsoft.CSharp, Version=4.0.0.0, Culture=neutral, PublicKeyToken=b03f5f7f11d50a3a
Message : Operator '==' cannot be applied to operands of type 'Telerik.Sitefinity.DynamicModules.Model.ChoiceOption' and 'string'
Source : Anonymously Hosted DynamicMethods Assembly
Help link : 
Data : System.Collections.ListDictionaryInternal
TargetSite : System.Object CallSite.Target(System.Runtime.CompilerServices.Closure, System.Runtime.CompilerServices.CallSite, System.Object, System.String)
HResult : -2146233088
Stack Trace :    at CallSite.Target(Closure , CallSite , Object , String )
   at System.Dynamic.UpdateDelegates.UpdateAndExecute2[T0,T1,TRet](CallSite site, T0 arg0, T1 arg1)
   at ASP._Page_Frontend_Assembly_Telerik_Sitefinity_Frontend_DynamicContent_Mvc_Views_Isortaklarimiz_List_IsOrtaklarimiz_cshtml.Execute() in c:\Windows\Microsoft.NET\Framework64\v4.0.30319\Temporary ASP.NET Files\root\a977cac0\3078a618\App_Web_list.isortaklarimiz.cshtml.5bd68c73.itbu-1mv.0.cs:line 0
   at System.Web.WebPages.WebPageBase.ExecutePageHierarchy()
   at System.Web.Mvc.WebViewPage.ExecutePageHierarchy()
   at System.Web.WebPages.WebPageBase.ExecutePageHierarchy(WebPageContext pageContext, TextWriter writer, WebPageRenderingBase startPage)
   at Telerik.Sitefinity.Frontend.Mvc.Infrastructure.Compilation.CompilationPerformanceRazorView.RenderWithPerformanceMeasurement(ViewContext viewContext, TextWriter writer)
   at Telerik.Sitefinity.Frontend.Mvc.Infrastructure.Compilation.CompilationPerformanceRazorView.Render(ViewContext viewContext, TextWriter writer)
   at System.Web.Mvc.ViewResultBase.ExecuteResult(ControllerContext context)
   at System.Web.Mvc.ControllerActionInvoker.InvokeActionResultFilterRecursive(IList`1 filters, Int32 filterIndex, ResultExecutingContext preContext, ControllerContext controllerContext, ActionResult actionResult)
   at System.Web.Mvc.ControllerActionInvoker.InvokeActionResultFilterRecursive(IList`1 filters, Int32 filterIndex, ResultExecutingContext preContext, ControllerContext controllerContext, ActionResult actionResult)
   at System.Web.Mvc.ControllerActionInvoker.InvokeActionResultFilterRecursive(IList`1 filters, Int32 filterIndex, ResultExecutingContext preContext, ControllerContext controllerContext, ActionResult actionResult)
   at System.Web.Mvc.ControllerActionInvoker.InvokeActionResultFilterRecursive(IList`1 filters, Int32 filterIndex, ResultExecutingContext preContext, ControllerContext controllerContext, ActionResult actionResult)
   at System.Web.Mvc.ControllerActionInvoker.InvokeActionResultFilterRecursive(IList`1 filters, Int32 filterIndex, ResultExecutingContext preContext, ControllerContext controllerContext, ActionResult actionResult)
   at System.Web.Mvc.ControllerActionInvoker.InvokeActionResultFilterRecursive(IList`1 filters, Int32 filterIndex, ResultExecutingContext preContext, ControllerContext controllerContext, ActionResult actionResult)
   at System.Web.Mvc.ControllerActionInvoker.InvokeActionResultFilterRecursive(IList`1 filters, Int32 filterIndex, ResultExecutingContext preContext, ControllerContext controllerContext, ActionResult actionResult)
   at System.Web.Mvc.ControllerActionInvoker.InvokeActionResultFilterRecursive(IList`1 filters, Int32 filterIndex, ResultExecutingContext preContext, ControllerContext controllerContext, ActionResult actionResult)
   at System.Web.Mvc.ControllerActionInvoker.InvokeActionResultWithFilters(ControllerContext controllerContext, IList`1 filters, ActionResult actionResult)
   at System.Web.Mvc.ControllerActionInvoker.InvokeAction(ControllerContext controllerContext, String actionName)
   at Telerik.Sitefinity.Mvc.ControllerWrapper.Execute()
   at Telerik.Sitefinity.Mvc.ControllerActionInvoker.ExecuteController(MvcProxyBase proxyControl)
   at Telerik.Sitefinity.Frontend.Mvc.Infrastructure.Routing.FeatherActionInvoker.ExecuteController(MvcProxyBase proxyControl)

Additional Info:

MachineName : PT-08
TimeStamp : 8/1/2018 7:04:02 AM
FullName : Telerik.Sitefinity.Utilities, Version=10.2.6602.0, Culture=neutral, PublicKeyToken=b28c218413bdf563
AppDomainName : /LM/W3SVC/16/ROOT-1-131775234489493713
ThreadIdentity : Anonymous
WindowsIdentity : IIS APPPOOL\mikro.local
Requested URL : http://localhost:808/is-ortaklari/is-ortaklarimiz


Category: ErrorLog

Priority: 0

EventId: 9010

Severity: Warning

Title:Enterprise Library Exception Handling

Machine: PT-08

App Domain: /LM/W3SVC/16/ROOT-1-131775234489493713

ProcessId: 9016

Process Name: c:\windows\system32\inetsrv\w3wp.exe

Thread Name: 

Win32 ThreadId:14720

Extended Properties: 
----------------------------------------
