----------------------------------------
ActivityId: 00000000-0000-0000-0000-000000000000

Timestamp: 19.2.2019 13:38:45

Message: HandlingInstanceID: c02af6c6-666c-4358-a0cd-c8e78455f8cb
An exception of type 'System.IO.FileNotFoundException' occurred and was caught.
-------------------------------------------------------------------------------
02/19/2019 16:38:45
Type : System.IO.FileNotFoundException, mscorlib, Version=4.0.0.0, Culture=neutral, PublicKeyToken=b77a5c561934e089
Message : Could not find file 'D:\Repostories\MikroYazilim\App_Data\Sitefinity\Search\arama\_1u.cfs'.
Source : Telerik.Sitefinity.Utilities
Help link : 
FileName : D:\Repostories\MikroYazilim\App_Data\Sitefinity\Search\arama\_1u.cfs
FusionLog : 
Data : System.Collections.ListDictionaryInternal
TargetSite : System.Object Run(Telerik.Sitefinity.Utilities.Lucene.Net.Index.IndexCommit)
HResult : -2147024894
Stack Trace :    at Telerik.Sitefinity.Utilities.Lucene.Net.Index.SegmentInfos.FindSegmentsFile.Run(IndexCommit commit)
   at Telerik.Sitefinity.Utilities.Lucene.Net.Index.DirectoryReader.Open(Directory directory, IndexDeletionPolicy deletionPolicy, IndexCommit commit, Boolean readOnly, Int32 termInfosIndexDivisor)
   at Telerik.Sitefinity.Utilities.Lucene.Net.Index.IndexReader.Open(String path, Boolean readOnly)
   at Telerik.Sitefinity.Services.Search.Data.LuceneSearchService.RemoveDocuments(String catalogueName, IEnumerable`1 documents)
   at Telerik.Sitefinity.Services.Search.Publishing.SearchIndexingTask.RunTask(Object[] args)

Additional Info:

MachineName : TR-IST-2-WKD005
TimeStamp : 19.2.2019 13:38:45
FullName : Telerik.Sitefinity.Utilities, Version=10.2.6602.0, Culture=neutral, PublicKeyToken=b28c218413bdf563
AppDomainName : /LM/W3SVC/2/ROOT-1-131950559605815745
ThreadIdentity : 
WindowsIdentity : GLOBALSERVS\emre.gultekin
Requested URL : http://localhost:60001/


Category: ErrorLog

Priority: 0

EventId: 9010

Severity: Warning

Title:Enterprise Library Exception Handling

Machine: TR-IST-2-WKD005

App Domain: /LM/W3SVC/2/ROOT-1-131950559605815745

ProcessId: 6740

Process Name: C:\Program Files (x86)\IIS Express\iisexpress.exe

Thread Name: BackgroundTasksService-Thread-1

Win32 ThreadId:15564

Extended Properties: 
----------------------------------------
----------------------------------------
ActivityId: 00000000-0000-0000-0000-000000000000

Timestamp: 19.2.2019 13:38:59

Message: HandlingInstanceID: e955f1ec-d483-4c61-b5ee-24c728c9ea9d
An exception of type 'System.IO.FileNotFoundException' occurred and was caught.
-------------------------------------------------------------------------------
02/19/2019 16:38:59
Type : System.IO.FileNotFoundException, mscorlib, Version=4.0.0.0, Culture=neutral, PublicKeyToken=b77a5c561934e089
Message : Could not find file 'D:\Repostories\MikroYazilim\App_Data\Sitefinity\Search\arama\_1u.cfs'.
Source : Telerik.Sitefinity.Utilities
Help link : 
FileName : D:\Repostories\MikroYazilim\App_Data\Sitefinity\Search\arama\_1u.cfs
FusionLog : 
Data : System.Collections.ListDictionaryInternal
TargetSite : System.Object Run(Telerik.Sitefinity.Utilities.Lucene.Net.Index.IndexCommit)
HResult : -2147024894
Stack Trace :    at Telerik.Sitefinity.Utilities.Lucene.Net.Index.SegmentInfos.FindSegmentsFile.Run(IndexCommit commit)
   at Telerik.Sitefinity.Utilities.Lucene.Net.Index.DirectoryReader.Open(Directory directory, IndexDeletionPolicy deletionPolicy, IndexCommit commit, Boolean readOnly, Int32 termInfosIndexDivisor)
   at Telerik.Sitefinity.Utilities.Lucene.Net.Index.IndexReader.Open(String path, Boolean readOnly)
   at Telerik.Sitefinity.Services.Search.Data.LuceneSearchService.RemoveDocuments(String catalogueName, IEnumerable`1 documents)
   at Telerik.Sitefinity.Services.Search.Publishing.SearchIndexingTask.RunTask(Object[] args)

Additional Info:

MachineName : TR-IST-2-WKD005
TimeStamp : 19.2.2019 13:38:59
FullName : Telerik.Sitefinity.Utilities, Version=10.2.6602.0, Culture=neutral, PublicKeyToken=b28c218413bdf563
AppDomainName : /LM/W3SVC/2/ROOT-1-131950559605815745
ThreadIdentity : 
WindowsIdentity : GLOBALSERVS\emre.gultekin
Requested URL : http://localhost:60001/


Category: ErrorLog

Priority: 0

EventId: 9010

Severity: Warning

Title:Enterprise Library Exception Handling

Machine: TR-IST-2-WKD005

App Domain: /LM/W3SVC/2/ROOT-1-131950559605815745

ProcessId: 6740

Process Name: C:\Program Files (x86)\IIS Express\iisexpress.exe

Thread Name: BackgroundTasksService-Thread-2

Win32 ThreadId:15492

Extended Properties: 
----------------------------------------
